[2024-05-28T15:12:51.773+0000] {local_task_job_runner.py:120} INFO - ::group::Pre task execution logs
[2024-05-28T15:12:51.795+0000] {taskinstance.py:2076} INFO - Dependencies all met for dep_context=non-requeueable deps ti=<TaskInstance: spark_airflow_dag.spark_submit_task manual__2024-05-28T15:12:50.853615+00:00 [queued]>
[2024-05-28T15:12:51.801+0000] {taskinstance.py:2076} INFO - Dependencies all met for dep_context=requeueable deps ti=<TaskInstance: spark_airflow_dag.spark_submit_task manual__2024-05-28T15:12:50.853615+00:00 [queued]>
[2024-05-28T15:12:51.801+0000] {taskinstance.py:2306} INFO - Starting attempt 1 of 1
[2024-05-28T15:12:51.809+0000] {taskinstance.py:2330} INFO - Executing <Task(SparkSubmitOperator): spark_submit_task> on 2024-05-28 15:12:50.853615+00:00
[2024-05-28T15:12:51.812+0000] {standard_task_runner.py:63} INFO - Started process 180 to run task
[2024-05-28T15:12:51.815+0000] {standard_task_runner.py:90} INFO - Running: ['airflow', 'tasks', 'run', 'spark_airflow_dag', 'spark_submit_task', 'manual__2024-05-28T15:12:50.853615+00:00', '--job-id', '2', '--raw', '--subdir', 'DAGS_FOLDER/spark-dag-example.py', '--cfg-path', '/tmp/tmp2rkfz24f']
[2024-05-28T15:12:51.816+0000] {standard_task_runner.py:91} INFO - Job 2: Subtask spark_submit_task
[2024-05-28T15:12:51.830+0000] {logging_mixin.py:188} WARNING - /home/airflow/.local/lib/python3.9/site-packages/airflow/settings.py:195 DeprecationWarning: The sql_alchemy_conn option in [core] has been moved to the sql_alchemy_conn option in [database] - the old setting has been used, but please update your config.
[2024-05-28T15:12:51.867+0000] {task_command.py:426} INFO - Running <TaskInstance: spark_airflow_dag.spark_submit_task manual__2024-05-28T15:12:50.853615+00:00 [running]> on host dataeng-airflow-scheduler
[2024-05-28T15:12:51.968+0000] {taskinstance.py:2648} INFO - Exporting env vars: AIRFLOW_CTX_DAG_OWNER='dibimbing' AIRFLOW_CTX_DAG_ID='spark_airflow_dag' AIRFLOW_CTX_TASK_ID='spark_submit_task' AIRFLOW_CTX_EXECUTION_DATE='2024-05-28T15:12:50.853615+00:00' AIRFLOW_CTX_TRY_NUMBER='1' AIRFLOW_CTX_DAG_RUN_ID='manual__2024-05-28T15:12:50.853615+00:00'
[2024-05-28T15:12:51.969+0000] {taskinstance.py:430} INFO - ::endgroup::
[2024-05-28T15:12:52.018+0000] {base.py:84} INFO - Using connection ID 'spark_main' for task execution.
[2024-05-28T15:12:52.020+0000] {spark_submit.py:401} INFO - Spark-Submit cmd: spark-submit --master spark://dataeng-spark-master:7077 --jars /opt/airflow/postgresql-42.2.18.jar --name arrow-spark /spark-scripts/spark-example.py
[2024-05-28T15:12:53.445+0000] {spark_submit.py:571} INFO - 24/05/28 15:12:53 WARN NativeCodeLoader: Unable to load native-hadoop library for your platform... using builtin-java classes where applicable
[2024-05-28T15:12:54.187+0000] {spark_submit.py:571} INFO - 24/05/28 15:12:54 INFO SparkContext: Running Spark version 3.3.2
[2024-05-28T15:12:54.217+0000] {spark_submit.py:571} INFO - 24/05/28 15:12:54 INFO ResourceUtils: ==============================================================
[2024-05-28T15:12:54.217+0000] {spark_submit.py:571} INFO - 24/05/28 15:12:54 INFO ResourceUtils: No custom resources configured for spark.driver.
[2024-05-28T15:12:54.218+0000] {spark_submit.py:571} INFO - 24/05/28 15:12:54 INFO ResourceUtils: ==============================================================
[2024-05-28T15:12:54.218+0000] {spark_submit.py:571} INFO - 24/05/28 15:12:54 INFO SparkContext: Submitted application: Dibimbing
[2024-05-28T15:12:54.240+0000] {spark_submit.py:571} INFO - 24/05/28 15:12:54 INFO ResourceProfile: Default ResourceProfile created, executor resources: Map(cores -> name: cores, amount: 1, script: , vendor: , memory -> name: memory, amount: 1024, script: , vendor: , offHeap -> name: offHeap, amount: 0, script: , vendor: ), task resources: Map(cpus -> name: cpus, amount: 1.0)
[2024-05-28T15:12:54.249+0000] {spark_submit.py:571} INFO - 24/05/28 15:12:54 INFO ResourceProfile: Limiting resource is cpu
[2024-05-28T15:12:54.249+0000] {spark_submit.py:571} INFO - 24/05/28 15:12:54 INFO ResourceProfileManager: Added ResourceProfile id: 0
[2024-05-28T15:12:54.301+0000] {spark_submit.py:571} INFO - 24/05/28 15:12:54 INFO SecurityManager: Changing view acls to: airflow
[2024-05-28T15:12:54.301+0000] {spark_submit.py:571} INFO - 24/05/28 15:12:54 INFO SecurityManager: Changing modify acls to: airflow
[2024-05-28T15:12:54.302+0000] {spark_submit.py:571} INFO - 24/05/28 15:12:54 INFO SecurityManager: Changing view acls groups to:
[2024-05-28T15:12:54.302+0000] {spark_submit.py:571} INFO - 24/05/28 15:12:54 INFO SecurityManager: Changing modify acls groups to:
[2024-05-28T15:12:54.302+0000] {spark_submit.py:571} INFO - 24/05/28 15:12:54 INFO SecurityManager: SecurityManager: authentication disabled; ui acls disabled; users  with view permissions: Set(airflow); groups with view permissions: Set(); users  with modify permissions: Set(airflow); groups with modify permissions: Set()
[2024-05-28T15:12:54.516+0000] {spark_submit.py:571} INFO - 24/05/28 15:12:54 INFO Utils: Successfully started service 'sparkDriver' on port 37069.
[2024-05-28T15:12:54.545+0000] {spark_submit.py:571} INFO - 24/05/28 15:12:54 INFO SparkEnv: Registering MapOutputTracker
[2024-05-28T15:12:54.573+0000] {spark_submit.py:571} INFO - 24/05/28 15:12:54 INFO SparkEnv: Registering BlockManagerMaster
[2024-05-28T15:12:54.587+0000] {spark_submit.py:571} INFO - 24/05/28 15:12:54 INFO BlockManagerMasterEndpoint: Using org.apache.spark.storage.DefaultTopologyMapper for getting topology information
[2024-05-28T15:12:54.588+0000] {spark_submit.py:571} INFO - 24/05/28 15:12:54 INFO BlockManagerMasterEndpoint: BlockManagerMasterEndpoint up
[2024-05-28T15:12:54.590+0000] {spark_submit.py:571} INFO - 24/05/28 15:12:54 INFO SparkEnv: Registering BlockManagerMasterHeartbeat
[2024-05-28T15:12:54.610+0000] {spark_submit.py:571} INFO - 24/05/28 15:12:54 INFO DiskBlockManager: Created local directory at /tmp/blockmgr-4a100a8b-bd6d-4905-ba8e-2dd68fa91645
[2024-05-28T15:12:54.622+0000] {spark_submit.py:571} INFO - 24/05/28 15:12:54 INFO MemoryStore: MemoryStore started with capacity 434.4 MiB
[2024-05-28T15:12:54.636+0000] {spark_submit.py:571} INFO - 24/05/28 15:12:54 INFO SparkEnv: Registering OutputCommitCoordinator
[2024-05-28T15:12:54.774+0000] {spark_submit.py:571} INFO - 24/05/28 15:12:54 INFO Utils: Successfully started service 'SparkUI' on port 4040.
[2024-05-28T15:12:54.809+0000] {spark_submit.py:571} INFO - 24/05/28 15:12:54 INFO SparkContext: Added JAR file:///opt/airflow/postgresql-42.2.18.jar at spark://dataeng-airflow-scheduler:37069/jars/postgresql-42.2.18.jar with timestamp 1716909174181
[2024-05-28T15:12:54.856+0000] {spark_submit.py:571} INFO - 24/05/28 15:12:54 INFO StandaloneAppClient$ClientEndpoint: Connecting to master spark://dataeng-spark-master:7077...
[2024-05-28T15:12:54.888+0000] {spark_submit.py:571} INFO - 24/05/28 15:12:54 INFO TransportClientFactory: Successfully created connection to dataeng-spark-master/172.20.0.3:7077 after 18 ms (0 ms spent in bootstraps)
[2024-05-28T15:12:55.132+0000] {spark_submit.py:571} INFO - 24/05/28 15:12:55 INFO StandaloneSchedulerBackend: Connected to Spark cluster with app ID app-20240528151255-0000
[2024-05-28T15:12:55.137+0000] {spark_submit.py:571} INFO - 24/05/28 15:12:55 INFO Utils: Successfully started service 'org.apache.spark.network.netty.NettyBlockTransferService' on port 40701.
[2024-05-28T15:12:55.137+0000] {spark_submit.py:571} INFO - 24/05/28 15:12:55 INFO NettyBlockTransferService: Server created on dataeng-airflow-scheduler:40701
[2024-05-28T15:12:55.138+0000] {spark_submit.py:571} INFO - 24/05/28 15:12:55 INFO BlockManager: Using org.apache.spark.storage.RandomBlockReplicationPolicy for block replication policy
[2024-05-28T15:12:55.142+0000] {spark_submit.py:571} INFO - 24/05/28 15:12:55 INFO BlockManagerMaster: Registering BlockManager BlockManagerId(driver, dataeng-airflow-scheduler, 40701, None)
[2024-05-28T15:12:55.144+0000] {spark_submit.py:571} INFO - 24/05/28 15:12:55 INFO BlockManagerMasterEndpoint: Registering block manager dataeng-airflow-scheduler:40701 with 434.4 MiB RAM, BlockManagerId(driver, dataeng-airflow-scheduler, 40701, None)
[2024-05-28T15:12:55.145+0000] {spark_submit.py:571} INFO - 24/05/28 15:12:55 INFO BlockManagerMaster: Registered BlockManager BlockManagerId(driver, dataeng-airflow-scheduler, 40701, None)
[2024-05-28T15:12:55.146+0000] {spark_submit.py:571} INFO - 24/05/28 15:12:55 INFO BlockManager: Initialized BlockManager: BlockManagerId(driver, dataeng-airflow-scheduler, 40701, None)
[2024-05-28T15:12:55.173+0000] {spark_submit.py:571} INFO - 24/05/28 15:12:55 INFO StandaloneAppClient$ClientEndpoint: Executor added: app-20240528151255-0000/0 on worker-20240528151046-172.20.0.4-37085 (172.20.0.4:37085) with 1 core(s)
[2024-05-28T15:12:55.174+0000] {spark_submit.py:571} INFO - 24/05/28 15:12:55 INFO StandaloneSchedulerBackend: Granted executor ID app-20240528151255-0000/0 on hostPort 172.20.0.4:37085 with 1 core(s), 1024.0 MiB RAM
[2024-05-28T15:12:55.253+0000] {spark_submit.py:571} INFO - 24/05/28 15:12:55 INFO StandaloneSchedulerBackend: SchedulerBackend is ready for scheduling beginning after reached minRegisteredResourcesRatio: 0.0
[2024-05-28T15:12:55.380+0000] {spark_submit.py:571} INFO - {'user': 'user', '***': '***', 'driver': 'org.postgresql.Driver', 'stringtype': 'unspecified'}
[2024-05-28T15:12:59.806+0000] {spark_submit.py:571} INFO - +---------+---------+--------------------+--------+-----------+---------+----------+--------------+
[2024-05-28T15:12:59.806+0000] {spark_submit.py:571} INFO - |invoiceno|stockcode|         description|quantity|invoicedate|unitprice|customerid|       country|
[2024-05-28T15:12:59.807+0000] {spark_submit.py:571} INFO - +---------+---------+--------------------+--------+-----------+---------+----------+--------------+
[2024-05-28T15:12:59.807+0000] {spark_submit.py:571} INFO - |   536365|   85123A|WHITE HANGING HEA...|       6| 2010-12-01|     2.55|     17850|United Kingdom|
[2024-05-28T15:12:59.808+0000] {spark_submit.py:571} INFO - |   536365|    71053| WHITE METAL LANTERN|       6| 2010-12-01|     3.39|     17850|United Kingdom|
[2024-05-28T15:12:59.808+0000] {spark_submit.py:571} INFO - |   536365|   84406B|CREAM CUPID HEART...|       8| 2010-12-01|     2.75|     17850|United Kingdom|
[2024-05-28T15:12:59.808+0000] {spark_submit.py:571} INFO - |   536365|   84029G|KNITTED UNION FLA...|       6| 2010-12-01|     3.39|     17850|United Kingdom|
[2024-05-28T15:12:59.808+0000] {spark_submit.py:571} INFO - |   536365|   84029E|RED WOOLLY HOTTIE...|       6| 2010-12-01|     3.39|     17850|United Kingdom|
[2024-05-28T15:12:59.808+0000] {spark_submit.py:571} INFO - +---------+---------+--------------------+--------+-----------+---------+----------+--------------+
[2024-05-28T15:12:59.809+0000] {spark_submit.py:571} INFO - only showing top 5 rows
[2024-05-28T15:12:59.809+0000] {spark_submit.py:571} INFO - 
[2024-05-28T15:12:59.905+0000] {taskinstance.py:441} INFO - ::group::Post task execution logs
[2024-05-28T15:12:59.914+0000] {taskinstance.py:1206} INFO - Marking task as SUCCESS. dag_id=spark_airflow_dag, task_id=spark_submit_task, run_id=manual__2024-05-28T15:12:50.853615+00:00, execution_date=20240528T151250, start_date=20240528T151251, end_date=20240528T151259
[2024-05-28T15:12:59.942+0000] {local_task_job_runner.py:240} INFO - Task exited with return code 0
[2024-05-28T15:12:59.953+0000] {taskinstance.py:3498} INFO - 0 downstream tasks scheduled from follow-on schedule check
[2024-05-28T15:12:59.954+0000] {local_task_job_runner.py:222} INFO - ::endgroup::
