[2024-05-28T16:12:00.537+0000] {processor.py:161} INFO - Started process (PID=3373) to work on /opt/airflow/dags/spark-retail-dag.py
[2024-05-28T16:12:00.539+0000] {processor.py:830} INFO - Processing file /opt/airflow/dags/spark-retail-dag.py for tasks to queue
[2024-05-28T16:12:00.541+0000] {logging_mixin.py:188} INFO - [2024-05-28T16:12:00.541+0000] {dagbag.py:545} INFO - Filling up the DagBag from /opt/airflow/dags/spark-retail-dag.py
[2024-05-28T16:12:00.554+0000] {processor.py:840} INFO - DAG(s) 'spark_retail_analysis_dag' retrieved from /opt/airflow/dags/spark-retail-dag.py
[2024-05-28T16:12:00.580+0000] {logging_mixin.py:188} INFO - [2024-05-28T16:12:00.579+0000] {dag.py:3096} INFO - Sync 1 DAGs
[2024-05-28T16:12:00.594+0000] {logging_mixin.py:188} INFO - [2024-05-28T16:12:00.593+0000] {dag.py:3954} INFO - Setting next_dagrun for spark_retail_analysis_dag to 2024-05-27 00:00:00+00:00, run_after=2024-05-28 00:00:00+00:00
[2024-05-28T16:12:00.604+0000] {processor.py:183} INFO - Processing /opt/airflow/dags/spark-retail-dag.py took 0.074 seconds
[2024-05-28T16:12:31.013+0000] {processor.py:161} INFO - Started process (PID=3383) to work on /opt/airflow/dags/spark-retail-dag.py
[2024-05-28T16:12:31.015+0000] {processor.py:830} INFO - Processing file /opt/airflow/dags/spark-retail-dag.py for tasks to queue
[2024-05-28T16:12:31.016+0000] {logging_mixin.py:188} INFO - [2024-05-28T16:12:31.016+0000] {dagbag.py:545} INFO - Filling up the DagBag from /opt/airflow/dags/spark-retail-dag.py
[2024-05-28T16:12:31.025+0000] {processor.py:840} INFO - DAG(s) 'spark_retail_analysis_dag' retrieved from /opt/airflow/dags/spark-retail-dag.py
[2024-05-28T16:12:31.042+0000] {logging_mixin.py:188} INFO - [2024-05-28T16:12:31.042+0000] {dag.py:3096} INFO - Sync 1 DAGs
[2024-05-28T16:12:31.053+0000] {logging_mixin.py:188} INFO - [2024-05-28T16:12:31.053+0000] {dag.py:3954} INFO - Setting next_dagrun for spark_retail_analysis_dag to 2024-05-27 00:00:00+00:00, run_after=2024-05-28 00:00:00+00:00
[2024-05-28T16:12:31.061+0000] {processor.py:183} INFO - Processing /opt/airflow/dags/spark-retail-dag.py took 0.056 seconds
[2024-05-28T16:13:01.508+0000] {processor.py:161} INFO - Started process (PID=3393) to work on /opt/airflow/dags/spark-retail-dag.py
[2024-05-28T16:13:01.510+0000] {processor.py:830} INFO - Processing file /opt/airflow/dags/spark-retail-dag.py for tasks to queue
[2024-05-28T16:13:01.512+0000] {logging_mixin.py:188} INFO - [2024-05-28T16:13:01.512+0000] {dagbag.py:545} INFO - Filling up the DagBag from /opt/airflow/dags/spark-retail-dag.py
[2024-05-28T16:13:01.523+0000] {processor.py:840} INFO - DAG(s) 'spark_retail_analysis_dag' retrieved from /opt/airflow/dags/spark-retail-dag.py
[2024-05-28T16:13:01.541+0000] {logging_mixin.py:188} INFO - [2024-05-28T16:13:01.541+0000] {dag.py:3096} INFO - Sync 1 DAGs
[2024-05-28T16:13:01.562+0000] {logging_mixin.py:188} INFO - [2024-05-28T16:13:01.561+0000] {dag.py:3954} INFO - Setting next_dagrun for spark_retail_analysis_dag to 2024-05-27 00:00:00+00:00, run_after=2024-05-28 00:00:00+00:00
[2024-05-28T16:13:01.580+0000] {processor.py:183} INFO - Processing /opt/airflow/dags/spark-retail-dag.py took 0.081 seconds
[2024-05-28T16:13:31.837+0000] {processor.py:161} INFO - Started process (PID=3534) to work on /opt/airflow/dags/spark-retail-dag.py
[2024-05-28T16:13:31.838+0000] {processor.py:830} INFO - Processing file /opt/airflow/dags/spark-retail-dag.py for tasks to queue
[2024-05-28T16:13:31.841+0000] {logging_mixin.py:188} INFO - [2024-05-28T16:13:31.841+0000] {dagbag.py:545} INFO - Filling up the DagBag from /opt/airflow/dags/spark-retail-dag.py
[2024-05-28T16:13:31.852+0000] {processor.py:840} INFO - DAG(s) 'spark_retail_analysis_dag' retrieved from /opt/airflow/dags/spark-retail-dag.py
[2024-05-28T16:13:31.875+0000] {logging_mixin.py:188} INFO - [2024-05-28T16:13:31.875+0000] {dag.py:3096} INFO - Sync 1 DAGs
[2024-05-28T16:13:31.892+0000] {logging_mixin.py:188} INFO - [2024-05-28T16:13:31.892+0000] {dag.py:3954} INFO - Setting next_dagrun for spark_retail_analysis_dag to 2024-05-28 00:00:00+00:00, run_after=2024-05-29 00:00:00+00:00
[2024-05-28T16:13:31.914+0000] {processor.py:183} INFO - Processing /opt/airflow/dags/spark-retail-dag.py took 0.084 seconds
[2024-05-28T16:14:02.148+0000] {processor.py:161} INFO - Started process (PID=3805) to work on /opt/airflow/dags/spark-retail-dag.py
[2024-05-28T16:14:02.149+0000] {processor.py:830} INFO - Processing file /opt/airflow/dags/spark-retail-dag.py for tasks to queue
[2024-05-28T16:14:02.150+0000] {logging_mixin.py:188} INFO - [2024-05-28T16:14:02.150+0000] {dagbag.py:545} INFO - Filling up the DagBag from /opt/airflow/dags/spark-retail-dag.py
[2024-05-28T16:14:02.157+0000] {processor.py:840} INFO - DAG(s) 'spark_retail_analysis_dag' retrieved from /opt/airflow/dags/spark-retail-dag.py
[2024-05-28T16:14:02.175+0000] {logging_mixin.py:188} INFO - [2024-05-28T16:14:02.175+0000] {dag.py:3096} INFO - Sync 1 DAGs
[2024-05-28T16:14:02.190+0000] {logging_mixin.py:188} INFO - [2024-05-28T16:14:02.190+0000] {dag.py:3954} INFO - Setting next_dagrun for spark_retail_analysis_dag to 2024-05-28 00:00:00+00:00, run_after=2024-05-29 00:00:00+00:00
[2024-05-28T16:14:02.199+0000] {processor.py:183} INFO - Processing /opt/airflow/dags/spark-retail-dag.py took 0.059 seconds
[2024-05-28T16:14:32.542+0000] {processor.py:161} INFO - Started process (PID=3815) to work on /opt/airflow/dags/spark-retail-dag.py
[2024-05-28T16:14:32.543+0000] {processor.py:830} INFO - Processing file /opt/airflow/dags/spark-retail-dag.py for tasks to queue
[2024-05-28T16:14:32.544+0000] {logging_mixin.py:188} INFO - [2024-05-28T16:14:32.544+0000] {dagbag.py:545} INFO - Filling up the DagBag from /opt/airflow/dags/spark-retail-dag.py
[2024-05-28T16:14:32.552+0000] {processor.py:840} INFO - DAG(s) 'spark_retail_analysis_dag' retrieved from /opt/airflow/dags/spark-retail-dag.py
[2024-05-28T16:14:32.573+0000] {logging_mixin.py:188} INFO - [2024-05-28T16:14:32.573+0000] {dag.py:3096} INFO - Sync 1 DAGs
[2024-05-28T16:14:32.586+0000] {logging_mixin.py:188} INFO - [2024-05-28T16:14:32.586+0000] {dag.py:3954} INFO - Setting next_dagrun for spark_retail_analysis_dag to 2024-05-28 00:00:00+00:00, run_after=2024-05-29 00:00:00+00:00
[2024-05-28T16:14:32.599+0000] {processor.py:183} INFO - Processing /opt/airflow/dags/spark-retail-dag.py took 0.062 seconds
[2024-05-28T16:15:02.940+0000] {processor.py:161} INFO - Started process (PID=3825) to work on /opt/airflow/dags/spark-retail-dag.py
[2024-05-28T16:15:02.941+0000] {processor.py:830} INFO - Processing file /opt/airflow/dags/spark-retail-dag.py for tasks to queue
[2024-05-28T16:15:02.944+0000] {logging_mixin.py:188} INFO - [2024-05-28T16:15:02.943+0000] {dagbag.py:545} INFO - Filling up the DagBag from /opt/airflow/dags/spark-retail-dag.py
[2024-05-28T16:15:02.957+0000] {processor.py:840} INFO - DAG(s) 'spark_retail_analysis_dag' retrieved from /opt/airflow/dags/spark-retail-dag.py
[2024-05-28T16:15:02.981+0000] {logging_mixin.py:188} INFO - [2024-05-28T16:15:02.981+0000] {dag.py:3096} INFO - Sync 1 DAGs
[2024-05-28T16:15:02.993+0000] {logging_mixin.py:188} INFO - [2024-05-28T16:15:02.993+0000] {dag.py:3954} INFO - Setting next_dagrun for spark_retail_analysis_dag to 2024-05-28 00:00:00+00:00, run_after=2024-05-29 00:00:00+00:00
[2024-05-28T16:15:03.002+0000] {processor.py:183} INFO - Processing /opt/airflow/dags/spark-retail-dag.py took 0.071 seconds
[2024-05-28T16:15:33.423+0000] {processor.py:161} INFO - Started process (PID=3835) to work on /opt/airflow/dags/spark-retail-dag.py
[2024-05-28T16:15:33.424+0000] {processor.py:830} INFO - Processing file /opt/airflow/dags/spark-retail-dag.py for tasks to queue
[2024-05-28T16:15:33.426+0000] {logging_mixin.py:188} INFO - [2024-05-28T16:15:33.425+0000] {dagbag.py:545} INFO - Filling up the DagBag from /opt/airflow/dags/spark-retail-dag.py
[2024-05-28T16:15:33.434+0000] {processor.py:840} INFO - DAG(s) 'spark_retail_analysis_dag' retrieved from /opt/airflow/dags/spark-retail-dag.py
[2024-05-28T16:15:33.452+0000] {logging_mixin.py:188} INFO - [2024-05-28T16:15:33.451+0000] {dag.py:3096} INFO - Sync 1 DAGs
[2024-05-28T16:15:33.468+0000] {logging_mixin.py:188} INFO - [2024-05-28T16:15:33.468+0000] {dag.py:3954} INFO - Setting next_dagrun for spark_retail_analysis_dag to 2024-05-28 00:00:00+00:00, run_after=2024-05-29 00:00:00+00:00
[2024-05-28T16:15:33.480+0000] {processor.py:183} INFO - Processing /opt/airflow/dags/spark-retail-dag.py took 0.060 seconds
[2024-05-28T16:16:03.900+0000] {processor.py:161} INFO - Started process (PID=3845) to work on /opt/airflow/dags/spark-retail-dag.py
[2024-05-28T16:16:03.901+0000] {processor.py:830} INFO - Processing file /opt/airflow/dags/spark-retail-dag.py for tasks to queue
[2024-05-28T16:16:03.903+0000] {logging_mixin.py:188} INFO - [2024-05-28T16:16:03.903+0000] {dagbag.py:545} INFO - Filling up the DagBag from /opt/airflow/dags/spark-retail-dag.py
[2024-05-28T16:16:03.910+0000] {processor.py:840} INFO - DAG(s) 'spark_retail_analysis_dag' retrieved from /opt/airflow/dags/spark-retail-dag.py
[2024-05-28T16:16:03.930+0000] {logging_mixin.py:188} INFO - [2024-05-28T16:16:03.929+0000] {dag.py:3096} INFO - Sync 1 DAGs
[2024-05-28T16:16:03.944+0000] {logging_mixin.py:188} INFO - [2024-05-28T16:16:03.944+0000] {dag.py:3954} INFO - Setting next_dagrun for spark_retail_analysis_dag to 2024-05-28 00:00:00+00:00, run_after=2024-05-29 00:00:00+00:00
[2024-05-28T16:16:03.956+0000] {processor.py:183} INFO - Processing /opt/airflow/dags/spark-retail-dag.py took 0.062 seconds
[2024-05-28T16:16:34.289+0000] {processor.py:161} INFO - Started process (PID=3855) to work on /opt/airflow/dags/spark-retail-dag.py
[2024-05-28T16:16:34.290+0000] {processor.py:830} INFO - Processing file /opt/airflow/dags/spark-retail-dag.py for tasks to queue
[2024-05-28T16:16:34.291+0000] {logging_mixin.py:188} INFO - [2024-05-28T16:16:34.291+0000] {dagbag.py:545} INFO - Filling up the DagBag from /opt/airflow/dags/spark-retail-dag.py
[2024-05-28T16:16:34.299+0000] {processor.py:840} INFO - DAG(s) 'spark_retail_analysis_dag' retrieved from /opt/airflow/dags/spark-retail-dag.py
[2024-05-28T16:16:34.317+0000] {logging_mixin.py:188} INFO - [2024-05-28T16:16:34.317+0000] {dag.py:3096} INFO - Sync 1 DAGs
[2024-05-28T16:16:34.328+0000] {logging_mixin.py:188} INFO - [2024-05-28T16:16:34.328+0000] {dag.py:3954} INFO - Setting next_dagrun for spark_retail_analysis_dag to 2024-05-28 00:00:00+00:00, run_after=2024-05-29 00:00:00+00:00
[2024-05-28T16:16:34.339+0000] {processor.py:183} INFO - Processing /opt/airflow/dags/spark-retail-dag.py took 0.055 seconds
[2024-05-28T16:17:04.817+0000] {processor.py:161} INFO - Started process (PID=3865) to work on /opt/airflow/dags/spark-retail-dag.py
[2024-05-28T16:17:04.819+0000] {processor.py:830} INFO - Processing file /opt/airflow/dags/spark-retail-dag.py for tasks to queue
[2024-05-28T16:17:04.821+0000] {logging_mixin.py:188} INFO - [2024-05-28T16:17:04.821+0000] {dagbag.py:545} INFO - Filling up the DagBag from /opt/airflow/dags/spark-retail-dag.py
[2024-05-28T16:17:04.835+0000] {processor.py:840} INFO - DAG(s) 'spark_retail_analysis_dag' retrieved from /opt/airflow/dags/spark-retail-dag.py
[2024-05-28T16:17:04.857+0000] {logging_mixin.py:188} INFO - [2024-05-28T16:17:04.857+0000] {dag.py:3096} INFO - Sync 1 DAGs
[2024-05-28T16:17:04.868+0000] {logging_mixin.py:188} INFO - [2024-05-28T16:17:04.868+0000] {dag.py:3954} INFO - Setting next_dagrun for spark_retail_analysis_dag to 2024-05-28 00:00:00+00:00, run_after=2024-05-29 00:00:00+00:00
[2024-05-28T16:17:04.877+0000] {processor.py:183} INFO - Processing /opt/airflow/dags/spark-retail-dag.py took 0.070 seconds
[2024-05-28T16:17:35.259+0000] {processor.py:161} INFO - Started process (PID=3875) to work on /opt/airflow/dags/spark-retail-dag.py
[2024-05-28T16:17:35.260+0000] {processor.py:830} INFO - Processing file /opt/airflow/dags/spark-retail-dag.py for tasks to queue
[2024-05-28T16:17:35.261+0000] {logging_mixin.py:188} INFO - [2024-05-28T16:17:35.261+0000] {dagbag.py:545} INFO - Filling up the DagBag from /opt/airflow/dags/spark-retail-dag.py
[2024-05-28T16:17:35.268+0000] {processor.py:840} INFO - DAG(s) 'spark_retail_analysis_dag' retrieved from /opt/airflow/dags/spark-retail-dag.py
[2024-05-28T16:17:35.285+0000] {logging_mixin.py:188} INFO - [2024-05-28T16:17:35.285+0000] {dag.py:3096} INFO - Sync 1 DAGs
[2024-05-28T16:17:35.299+0000] {logging_mixin.py:188} INFO - [2024-05-28T16:17:35.299+0000] {dag.py:3954} INFO - Setting next_dagrun for spark_retail_analysis_dag to 2024-05-28 00:00:00+00:00, run_after=2024-05-29 00:00:00+00:00
[2024-05-28T16:17:35.310+0000] {processor.py:183} INFO - Processing /opt/airflow/dags/spark-retail-dag.py took 0.055 seconds
[2024-05-28T16:18:05.762+0000] {processor.py:161} INFO - Started process (PID=3885) to work on /opt/airflow/dags/spark-retail-dag.py
[2024-05-28T16:18:05.764+0000] {processor.py:830} INFO - Processing file /opt/airflow/dags/spark-retail-dag.py for tasks to queue
[2024-05-28T16:18:05.767+0000] {logging_mixin.py:188} INFO - [2024-05-28T16:18:05.766+0000] {dagbag.py:545} INFO - Filling up the DagBag from /opt/airflow/dags/spark-retail-dag.py
[2024-05-28T16:18:05.780+0000] {processor.py:840} INFO - DAG(s) 'spark_retail_analysis_dag' retrieved from /opt/airflow/dags/spark-retail-dag.py
[2024-05-28T16:18:05.806+0000] {logging_mixin.py:188} INFO - [2024-05-28T16:18:05.805+0000] {dag.py:3096} INFO - Sync 1 DAGs
[2024-05-28T16:18:05.819+0000] {logging_mixin.py:188} INFO - [2024-05-28T16:18:05.818+0000] {dag.py:3954} INFO - Setting next_dagrun for spark_retail_analysis_dag to 2024-05-28 00:00:00+00:00, run_after=2024-05-29 00:00:00+00:00
[2024-05-28T16:18:05.828+0000] {processor.py:183} INFO - Processing /opt/airflow/dags/spark-retail-dag.py took 0.075 seconds
[2024-05-28T16:18:36.233+0000] {processor.py:161} INFO - Started process (PID=3895) to work on /opt/airflow/dags/spark-retail-dag.py
[2024-05-28T16:18:36.235+0000] {processor.py:830} INFO - Processing file /opt/airflow/dags/spark-retail-dag.py for tasks to queue
[2024-05-28T16:18:36.237+0000] {logging_mixin.py:188} INFO - [2024-05-28T16:18:36.236+0000] {dagbag.py:545} INFO - Filling up the DagBag from /opt/airflow/dags/spark-retail-dag.py
[2024-05-28T16:18:36.246+0000] {processor.py:840} INFO - DAG(s) 'spark_retail_analysis_dag' retrieved from /opt/airflow/dags/spark-retail-dag.py
[2024-05-28T16:18:36.265+0000] {logging_mixin.py:188} INFO - [2024-05-28T16:18:36.265+0000] {dag.py:3096} INFO - Sync 1 DAGs
[2024-05-28T16:18:36.280+0000] {logging_mixin.py:188} INFO - [2024-05-28T16:18:36.280+0000] {dag.py:3954} INFO - Setting next_dagrun for spark_retail_analysis_dag to 2024-05-28 00:00:00+00:00, run_after=2024-05-29 00:00:00+00:00
[2024-05-28T16:18:36.292+0000] {processor.py:183} INFO - Processing /opt/airflow/dags/spark-retail-dag.py took 0.065 seconds
[2024-05-28T16:19:06.696+0000] {processor.py:161} INFO - Started process (PID=3905) to work on /opt/airflow/dags/spark-retail-dag.py
[2024-05-28T16:19:06.697+0000] {processor.py:830} INFO - Processing file /opt/airflow/dags/spark-retail-dag.py for tasks to queue
[2024-05-28T16:19:06.700+0000] {logging_mixin.py:188} INFO - [2024-05-28T16:19:06.699+0000] {dagbag.py:545} INFO - Filling up the DagBag from /opt/airflow/dags/spark-retail-dag.py
[2024-05-28T16:19:06.712+0000] {processor.py:840} INFO - DAG(s) 'spark_retail_analysis_dag' retrieved from /opt/airflow/dags/spark-retail-dag.py
[2024-05-28T16:19:06.733+0000] {logging_mixin.py:188} INFO - [2024-05-28T16:19:06.733+0000] {dag.py:3096} INFO - Sync 1 DAGs
[2024-05-28T16:19:06.747+0000] {logging_mixin.py:188} INFO - [2024-05-28T16:19:06.747+0000] {dag.py:3954} INFO - Setting next_dagrun for spark_retail_analysis_dag to 2024-05-28 00:00:00+00:00, run_after=2024-05-29 00:00:00+00:00
[2024-05-28T16:19:06.758+0000] {processor.py:183} INFO - Processing /opt/airflow/dags/spark-retail-dag.py took 0.072 seconds
[2024-05-28T16:19:37.151+0000] {processor.py:161} INFO - Started process (PID=3915) to work on /opt/airflow/dags/spark-retail-dag.py
[2024-05-28T16:19:37.152+0000] {processor.py:830} INFO - Processing file /opt/airflow/dags/spark-retail-dag.py for tasks to queue
[2024-05-28T16:19:37.154+0000] {logging_mixin.py:188} INFO - [2024-05-28T16:19:37.153+0000] {dagbag.py:545} INFO - Filling up the DagBag from /opt/airflow/dags/spark-retail-dag.py
[2024-05-28T16:19:37.161+0000] {processor.py:840} INFO - DAG(s) 'spark_retail_analysis_dag' retrieved from /opt/airflow/dags/spark-retail-dag.py
[2024-05-28T16:19:37.175+0000] {logging_mixin.py:188} INFO - [2024-05-28T16:19:37.175+0000] {dag.py:3096} INFO - Sync 1 DAGs
[2024-05-28T16:19:37.187+0000] {logging_mixin.py:188} INFO - [2024-05-28T16:19:37.187+0000] {dag.py:3954} INFO - Setting next_dagrun for spark_retail_analysis_dag to 2024-05-28 00:00:00+00:00, run_after=2024-05-29 00:00:00+00:00
[2024-05-28T16:19:37.196+0000] {processor.py:183} INFO - Processing /opt/airflow/dags/spark-retail-dag.py took 0.050 seconds
[2024-05-28T16:20:07.652+0000] {processor.py:161} INFO - Started process (PID=3925) to work on /opt/airflow/dags/spark-retail-dag.py
[2024-05-28T16:20:07.653+0000] {processor.py:830} INFO - Processing file /opt/airflow/dags/spark-retail-dag.py for tasks to queue
[2024-05-28T16:20:07.673+0000] {logging_mixin.py:188} INFO - [2024-05-28T16:20:07.670+0000] {dagbag.py:545} INFO - Filling up the DagBag from /opt/airflow/dags/spark-retail-dag.py
[2024-05-28T16:20:07.710+0000] {processor.py:840} INFO - DAG(s) 'spark_retail_analysis_dag' retrieved from /opt/airflow/dags/spark-retail-dag.py
[2024-05-28T16:20:07.884+0000] {logging_mixin.py:188} INFO - [2024-05-28T16:20:07.884+0000] {dag.py:3096} INFO - Sync 1 DAGs
[2024-05-28T16:20:07.909+0000] {logging_mixin.py:188} INFO - [2024-05-28T16:20:07.909+0000] {dag.py:3954} INFO - Setting next_dagrun for spark_retail_analysis_dag to 2024-05-28 00:00:00+00:00, run_after=2024-05-29 00:00:00+00:00
[2024-05-28T16:20:07.921+0000] {processor.py:183} INFO - Processing /opt/airflow/dags/spark-retail-dag.py took 0.275 seconds
[2024-05-28T16:20:38.147+0000] {processor.py:161} INFO - Started process (PID=3935) to work on /opt/airflow/dags/spark-retail-dag.py
[2024-05-28T16:20:38.149+0000] {processor.py:830} INFO - Processing file /opt/airflow/dags/spark-retail-dag.py for tasks to queue
[2024-05-28T16:20:38.151+0000] {logging_mixin.py:188} INFO - [2024-05-28T16:20:38.150+0000] {dagbag.py:545} INFO - Filling up the DagBag from /opt/airflow/dags/spark-retail-dag.py
[2024-05-28T16:20:38.157+0000] {processor.py:840} INFO - DAG(s) 'spark_retail_analysis_dag' retrieved from /opt/airflow/dags/spark-retail-dag.py
[2024-05-28T16:20:38.177+0000] {logging_mixin.py:188} INFO - [2024-05-28T16:20:38.176+0000] {dag.py:3096} INFO - Sync 1 DAGs
[2024-05-28T16:20:38.192+0000] {logging_mixin.py:188} INFO - [2024-05-28T16:20:38.192+0000] {dag.py:3954} INFO - Setting next_dagrun for spark_retail_analysis_dag to 2024-05-28 00:00:00+00:00, run_after=2024-05-29 00:00:00+00:00
[2024-05-28T16:20:38.203+0000] {processor.py:183} INFO - Processing /opt/airflow/dags/spark-retail-dag.py took 0.062 seconds
[2024-05-28T16:21:08.642+0000] {processor.py:161} INFO - Started process (PID=3945) to work on /opt/airflow/dags/spark-retail-dag.py
[2024-05-28T16:21:08.644+0000] {processor.py:830} INFO - Processing file /opt/airflow/dags/spark-retail-dag.py for tasks to queue
[2024-05-28T16:21:08.646+0000] {logging_mixin.py:188} INFO - [2024-05-28T16:21:08.646+0000] {dagbag.py:545} INFO - Filling up the DagBag from /opt/airflow/dags/spark-retail-dag.py
[2024-05-28T16:21:08.658+0000] {processor.py:840} INFO - DAG(s) 'spark_retail_analysis_dag' retrieved from /opt/airflow/dags/spark-retail-dag.py
[2024-05-28T16:21:08.685+0000] {logging_mixin.py:188} INFO - [2024-05-28T16:21:08.685+0000] {dag.py:3096} INFO - Sync 1 DAGs
[2024-05-28T16:21:08.697+0000] {logging_mixin.py:188} INFO - [2024-05-28T16:21:08.697+0000] {dag.py:3954} INFO - Setting next_dagrun for spark_retail_analysis_dag to 2024-05-28 00:00:00+00:00, run_after=2024-05-29 00:00:00+00:00
[2024-05-28T16:21:08.706+0000] {processor.py:183} INFO - Processing /opt/airflow/dags/spark-retail-dag.py took 0.074 seconds
[2024-05-28T16:21:39.063+0000] {processor.py:161} INFO - Started process (PID=3955) to work on /opt/airflow/dags/spark-retail-dag.py
[2024-05-28T16:21:39.065+0000] {processor.py:830} INFO - Processing file /opt/airflow/dags/spark-retail-dag.py for tasks to queue
[2024-05-28T16:21:39.067+0000] {logging_mixin.py:188} INFO - [2024-05-28T16:21:39.067+0000] {dagbag.py:545} INFO - Filling up the DagBag from /opt/airflow/dags/spark-retail-dag.py
[2024-05-28T16:21:39.078+0000] {processor.py:840} INFO - DAG(s) 'spark_retail_analysis_dag' retrieved from /opt/airflow/dags/spark-retail-dag.py
[2024-05-28T16:21:39.094+0000] {logging_mixin.py:188} INFO - [2024-05-28T16:21:39.094+0000] {dag.py:3096} INFO - Sync 1 DAGs
[2024-05-28T16:21:39.107+0000] {logging_mixin.py:188} INFO - [2024-05-28T16:21:39.107+0000] {dag.py:3954} INFO - Setting next_dagrun for spark_retail_analysis_dag to 2024-05-28 00:00:00+00:00, run_after=2024-05-29 00:00:00+00:00
[2024-05-28T16:21:39.119+0000] {processor.py:183} INFO - Processing /opt/airflow/dags/spark-retail-dag.py took 0.064 seconds
[2024-05-28T16:22:09.571+0000] {processor.py:161} INFO - Started process (PID=3965) to work on /opt/airflow/dags/spark-retail-dag.py
[2024-05-28T16:22:09.573+0000] {processor.py:830} INFO - Processing file /opt/airflow/dags/spark-retail-dag.py for tasks to queue
[2024-05-28T16:22:09.576+0000] {logging_mixin.py:188} INFO - [2024-05-28T16:22:09.576+0000] {dagbag.py:545} INFO - Filling up the DagBag from /opt/airflow/dags/spark-retail-dag.py
[2024-05-28T16:22:09.589+0000] {processor.py:840} INFO - DAG(s) 'spark_retail_analysis_dag' retrieved from /opt/airflow/dags/spark-retail-dag.py
[2024-05-28T16:22:09.617+0000] {logging_mixin.py:188} INFO - [2024-05-28T16:22:09.617+0000] {dag.py:3096} INFO - Sync 1 DAGs
[2024-05-28T16:22:09.630+0000] {logging_mixin.py:188} INFO - [2024-05-28T16:22:09.630+0000] {dag.py:3954} INFO - Setting next_dagrun for spark_retail_analysis_dag to 2024-05-28 00:00:00+00:00, run_after=2024-05-29 00:00:00+00:00
[2024-05-28T16:22:09.641+0000] {processor.py:183} INFO - Processing /opt/airflow/dags/spark-retail-dag.py took 0.079 seconds
[2024-05-28T16:22:40.007+0000] {processor.py:161} INFO - Started process (PID=3975) to work on /opt/airflow/dags/spark-retail-dag.py
[2024-05-28T16:22:40.008+0000] {processor.py:830} INFO - Processing file /opt/airflow/dags/spark-retail-dag.py for tasks to queue
[2024-05-28T16:22:40.010+0000] {logging_mixin.py:188} INFO - [2024-05-28T16:22:40.010+0000] {dagbag.py:545} INFO - Filling up the DagBag from /opt/airflow/dags/spark-retail-dag.py
[2024-05-28T16:22:40.016+0000] {processor.py:840} INFO - DAG(s) 'spark_retail_analysis_dag' retrieved from /opt/airflow/dags/spark-retail-dag.py
[2024-05-28T16:22:40.035+0000] {logging_mixin.py:188} INFO - [2024-05-28T16:22:40.035+0000] {dag.py:3096} INFO - Sync 1 DAGs
[2024-05-28T16:22:40.049+0000] {logging_mixin.py:188} INFO - [2024-05-28T16:22:40.048+0000] {dag.py:3954} INFO - Setting next_dagrun for spark_retail_analysis_dag to 2024-05-28 00:00:00+00:00, run_after=2024-05-29 00:00:00+00:00
[2024-05-28T16:22:40.059+0000] {processor.py:183} INFO - Processing /opt/airflow/dags/spark-retail-dag.py took 0.060 seconds
[2024-05-28T16:23:10.474+0000] {processor.py:161} INFO - Started process (PID=3985) to work on /opt/airflow/dags/spark-retail-dag.py
[2024-05-28T16:23:10.476+0000] {processor.py:830} INFO - Processing file /opt/airflow/dags/spark-retail-dag.py for tasks to queue
[2024-05-28T16:23:10.478+0000] {logging_mixin.py:188} INFO - [2024-05-28T16:23:10.478+0000] {dagbag.py:545} INFO - Filling up the DagBag from /opt/airflow/dags/spark-retail-dag.py
[2024-05-28T16:23:10.490+0000] {processor.py:840} INFO - DAG(s) 'spark_retail_analysis_dag' retrieved from /opt/airflow/dags/spark-retail-dag.py
[2024-05-28T16:23:10.514+0000] {logging_mixin.py:188} INFO - [2024-05-28T16:23:10.513+0000] {dag.py:3096} INFO - Sync 1 DAGs
[2024-05-28T16:23:10.530+0000] {logging_mixin.py:188} INFO - [2024-05-28T16:23:10.529+0000] {dag.py:3954} INFO - Setting next_dagrun for spark_retail_analysis_dag to 2024-05-28 00:00:00+00:00, run_after=2024-05-29 00:00:00+00:00
[2024-05-28T16:23:10.543+0000] {processor.py:183} INFO - Processing /opt/airflow/dags/spark-retail-dag.py took 0.077 seconds
[2024-05-28T16:23:40.967+0000] {processor.py:161} INFO - Started process (PID=3995) to work on /opt/airflow/dags/spark-retail-dag.py
[2024-05-28T16:23:40.969+0000] {processor.py:830} INFO - Processing file /opt/airflow/dags/spark-retail-dag.py for tasks to queue
[2024-05-28T16:23:40.970+0000] {logging_mixin.py:188} INFO - [2024-05-28T16:23:40.970+0000] {dagbag.py:545} INFO - Filling up the DagBag from /opt/airflow/dags/spark-retail-dag.py
[2024-05-28T16:23:40.982+0000] {processor.py:840} INFO - DAG(s) 'spark_retail_analysis_dag' retrieved from /opt/airflow/dags/spark-retail-dag.py
[2024-05-28T16:23:41.006+0000] {logging_mixin.py:188} INFO - [2024-05-28T16:23:41.005+0000] {dag.py:3096} INFO - Sync 1 DAGs
[2024-05-28T16:23:41.023+0000] {logging_mixin.py:188} INFO - [2024-05-28T16:23:41.023+0000] {dag.py:3954} INFO - Setting next_dagrun for spark_retail_analysis_dag to 2024-05-28 00:00:00+00:00, run_after=2024-05-29 00:00:00+00:00
[2024-05-28T16:23:41.033+0000] {processor.py:183} INFO - Processing /opt/airflow/dags/spark-retail-dag.py took 0.075 seconds
[2024-05-28T16:24:11.463+0000] {processor.py:161} INFO - Started process (PID=4005) to work on /opt/airflow/dags/spark-retail-dag.py
[2024-05-28T16:24:11.465+0000] {processor.py:830} INFO - Processing file /opt/airflow/dags/spark-retail-dag.py for tasks to queue
[2024-05-28T16:24:11.467+0000] {logging_mixin.py:188} INFO - [2024-05-28T16:24:11.467+0000] {dagbag.py:545} INFO - Filling up the DagBag from /opt/airflow/dags/spark-retail-dag.py
[2024-05-28T16:24:11.479+0000] {processor.py:840} INFO - DAG(s) 'spark_retail_analysis_dag' retrieved from /opt/airflow/dags/spark-retail-dag.py
[2024-05-28T16:24:11.499+0000] {logging_mixin.py:188} INFO - [2024-05-28T16:24:11.498+0000] {dag.py:3096} INFO - Sync 1 DAGs
[2024-05-28T16:24:11.512+0000] {logging_mixin.py:188} INFO - [2024-05-28T16:24:11.512+0000] {dag.py:3954} INFO - Setting next_dagrun for spark_retail_analysis_dag to 2024-05-28 00:00:00+00:00, run_after=2024-05-29 00:00:00+00:00
[2024-05-28T16:24:11.521+0000] {processor.py:183} INFO - Processing /opt/airflow/dags/spark-retail-dag.py took 0.068 seconds
[2024-05-28T16:24:41.930+0000] {processor.py:161} INFO - Started process (PID=4015) to work on /opt/airflow/dags/spark-retail-dag.py
[2024-05-28T16:24:41.932+0000] {processor.py:830} INFO - Processing file /opt/airflow/dags/spark-retail-dag.py for tasks to queue
[2024-05-28T16:24:41.934+0000] {logging_mixin.py:188} INFO - [2024-05-28T16:24:41.933+0000] {dagbag.py:545} INFO - Filling up the DagBag from /opt/airflow/dags/spark-retail-dag.py
[2024-05-28T16:24:41.947+0000] {processor.py:840} INFO - DAG(s) 'spark_retail_analysis_dag' retrieved from /opt/airflow/dags/spark-retail-dag.py
[2024-05-28T16:24:41.973+0000] {logging_mixin.py:188} INFO - [2024-05-28T16:24:41.973+0000] {dag.py:3096} INFO - Sync 1 DAGs
[2024-05-28T16:24:41.985+0000] {logging_mixin.py:188} INFO - [2024-05-28T16:24:41.985+0000] {dag.py:3954} INFO - Setting next_dagrun for spark_retail_analysis_dag to 2024-05-28 00:00:00+00:00, run_after=2024-05-29 00:00:00+00:00
[2024-05-28T16:24:41.995+0000] {processor.py:183} INFO - Processing /opt/airflow/dags/spark-retail-dag.py took 0.074 seconds
[2024-05-28T16:25:12.402+0000] {processor.py:161} INFO - Started process (PID=4025) to work on /opt/airflow/dags/spark-retail-dag.py
[2024-05-28T16:25:12.403+0000] {processor.py:830} INFO - Processing file /opt/airflow/dags/spark-retail-dag.py for tasks to queue
[2024-05-28T16:25:12.404+0000] {logging_mixin.py:188} INFO - [2024-05-28T16:25:12.404+0000] {dagbag.py:545} INFO - Filling up the DagBag from /opt/airflow/dags/spark-retail-dag.py
[2024-05-28T16:25:12.414+0000] {processor.py:840} INFO - DAG(s) 'spark_retail_analysis_dag' retrieved from /opt/airflow/dags/spark-retail-dag.py
[2024-05-28T16:25:12.447+0000] {logging_mixin.py:188} INFO - [2024-05-28T16:25:12.447+0000] {dag.py:3096} INFO - Sync 1 DAGs
[2024-05-28T16:25:12.468+0000] {logging_mixin.py:188} INFO - [2024-05-28T16:25:12.468+0000] {dag.py:3954} INFO - Setting next_dagrun for spark_retail_analysis_dag to 2024-05-28 00:00:00+00:00, run_after=2024-05-29 00:00:00+00:00
[2024-05-28T16:25:12.489+0000] {processor.py:183} INFO - Processing /opt/airflow/dags/spark-retail-dag.py took 0.092 seconds
[2024-05-28T16:25:42.903+0000] {processor.py:161} INFO - Started process (PID=4035) to work on /opt/airflow/dags/spark-retail-dag.py
[2024-05-28T16:25:42.904+0000] {processor.py:830} INFO - Processing file /opt/airflow/dags/spark-retail-dag.py for tasks to queue
[2024-05-28T16:25:42.906+0000] {logging_mixin.py:188} INFO - [2024-05-28T16:25:42.905+0000] {dagbag.py:545} INFO - Filling up the DagBag from /opt/airflow/dags/spark-retail-dag.py
[2024-05-28T16:25:42.914+0000] {processor.py:840} INFO - DAG(s) 'spark_retail_analysis_dag' retrieved from /opt/airflow/dags/spark-retail-dag.py
[2024-05-28T16:25:42.932+0000] {logging_mixin.py:188} INFO - [2024-05-28T16:25:42.932+0000] {dag.py:3096} INFO - Sync 1 DAGs
[2024-05-28T16:25:42.947+0000] {logging_mixin.py:188} INFO - [2024-05-28T16:25:42.947+0000] {dag.py:3954} INFO - Setting next_dagrun for spark_retail_analysis_dag to 2024-05-28 00:00:00+00:00, run_after=2024-05-29 00:00:00+00:00
[2024-05-28T16:25:42.961+0000] {processor.py:183} INFO - Processing /opt/airflow/dags/spark-retail-dag.py took 0.062 seconds
[2024-05-28T16:26:13.401+0000] {processor.py:161} INFO - Started process (PID=4045) to work on /opt/airflow/dags/spark-retail-dag.py
[2024-05-28T16:26:13.403+0000] {processor.py:830} INFO - Processing file /opt/airflow/dags/spark-retail-dag.py for tasks to queue
[2024-05-28T16:26:13.406+0000] {logging_mixin.py:188} INFO - [2024-05-28T16:26:13.406+0000] {dagbag.py:545} INFO - Filling up the DagBag from /opt/airflow/dags/spark-retail-dag.py
[2024-05-28T16:26:13.416+0000] {processor.py:840} INFO - DAG(s) 'spark_retail_analysis_dag' retrieved from /opt/airflow/dags/spark-retail-dag.py
[2024-05-28T16:26:13.439+0000] {logging_mixin.py:188} INFO - [2024-05-28T16:26:13.439+0000] {dag.py:3096} INFO - Sync 1 DAGs
[2024-05-28T16:26:13.451+0000] {logging_mixin.py:188} INFO - [2024-05-28T16:26:13.451+0000] {dag.py:3954} INFO - Setting next_dagrun for spark_retail_analysis_dag to 2024-05-28 00:00:00+00:00, run_after=2024-05-29 00:00:00+00:00
[2024-05-28T16:26:13.460+0000] {processor.py:183} INFO - Processing /opt/airflow/dags/spark-retail-dag.py took 0.067 seconds
[2024-05-28T16:26:43.883+0000] {processor.py:161} INFO - Started process (PID=4055) to work on /opt/airflow/dags/spark-retail-dag.py
[2024-05-28T16:26:43.884+0000] {processor.py:830} INFO - Processing file /opt/airflow/dags/spark-retail-dag.py for tasks to queue
[2024-05-28T16:26:43.885+0000] {logging_mixin.py:188} INFO - [2024-05-28T16:26:43.885+0000] {dagbag.py:545} INFO - Filling up the DagBag from /opt/airflow/dags/spark-retail-dag.py
[2024-05-28T16:26:43.892+0000] {processor.py:840} INFO - DAG(s) 'spark_retail_analysis_dag' retrieved from /opt/airflow/dags/spark-retail-dag.py
[2024-05-28T16:26:43.909+0000] {logging_mixin.py:188} INFO - [2024-05-28T16:26:43.909+0000] {dag.py:3096} INFO - Sync 1 DAGs
[2024-05-28T16:26:43.921+0000] {logging_mixin.py:188} INFO - [2024-05-28T16:26:43.921+0000] {dag.py:3954} INFO - Setting next_dagrun for spark_retail_analysis_dag to 2024-05-28 00:00:00+00:00, run_after=2024-05-29 00:00:00+00:00
[2024-05-28T16:26:43.931+0000] {processor.py:183} INFO - Processing /opt/airflow/dags/spark-retail-dag.py took 0.053 seconds
[2024-05-28T16:27:14.333+0000] {processor.py:161} INFO - Started process (PID=4065) to work on /opt/airflow/dags/spark-retail-dag.py
[2024-05-28T16:27:14.334+0000] {processor.py:830} INFO - Processing file /opt/airflow/dags/spark-retail-dag.py for tasks to queue
[2024-05-28T16:27:14.336+0000] {logging_mixin.py:188} INFO - [2024-05-28T16:27:14.335+0000] {dagbag.py:545} INFO - Filling up the DagBag from /opt/airflow/dags/spark-retail-dag.py
[2024-05-28T16:27:14.343+0000] {processor.py:840} INFO - DAG(s) 'spark_retail_analysis_dag' retrieved from /opt/airflow/dags/spark-retail-dag.py
[2024-05-28T16:27:14.362+0000] {logging_mixin.py:188} INFO - [2024-05-28T16:27:14.362+0000] {dag.py:3096} INFO - Sync 1 DAGs
[2024-05-28T16:27:14.376+0000] {logging_mixin.py:188} INFO - [2024-05-28T16:27:14.376+0000] {dag.py:3954} INFO - Setting next_dagrun for spark_retail_analysis_dag to 2024-05-28 00:00:00+00:00, run_after=2024-05-29 00:00:00+00:00
[2024-05-28T16:27:14.387+0000] {processor.py:183} INFO - Processing /opt/airflow/dags/spark-retail-dag.py took 0.059 seconds
[2024-05-28T16:27:44.756+0000] {processor.py:161} INFO - Started process (PID=4075) to work on /opt/airflow/dags/spark-retail-dag.py
[2024-05-28T16:27:44.758+0000] {processor.py:830} INFO - Processing file /opt/airflow/dags/spark-retail-dag.py for tasks to queue
[2024-05-28T16:27:44.759+0000] {logging_mixin.py:188} INFO - [2024-05-28T16:27:44.759+0000] {dagbag.py:545} INFO - Filling up the DagBag from /opt/airflow/dags/spark-retail-dag.py
[2024-05-28T16:27:44.771+0000] {processor.py:840} INFO - DAG(s) 'spark_retail_analysis_dag' retrieved from /opt/airflow/dags/spark-retail-dag.py
[2024-05-28T16:27:44.793+0000] {logging_mixin.py:188} INFO - [2024-05-28T16:27:44.793+0000] {dag.py:3096} INFO - Sync 1 DAGs
[2024-05-28T16:27:44.807+0000] {logging_mixin.py:188} INFO - [2024-05-28T16:27:44.806+0000] {dag.py:3954} INFO - Setting next_dagrun for spark_retail_analysis_dag to 2024-05-28 00:00:00+00:00, run_after=2024-05-29 00:00:00+00:00
[2024-05-28T16:27:44.815+0000] {processor.py:183} INFO - Processing /opt/airflow/dags/spark-retail-dag.py took 0.065 seconds
[2024-05-28T16:28:15.202+0000] {processor.py:161} INFO - Started process (PID=4085) to work on /opt/airflow/dags/spark-retail-dag.py
[2024-05-28T16:28:15.203+0000] {processor.py:830} INFO - Processing file /opt/airflow/dags/spark-retail-dag.py for tasks to queue
[2024-05-28T16:28:15.204+0000] {logging_mixin.py:188} INFO - [2024-05-28T16:28:15.204+0000] {dagbag.py:545} INFO - Filling up the DagBag from /opt/airflow/dags/spark-retail-dag.py
[2024-05-28T16:28:15.212+0000] {processor.py:840} INFO - DAG(s) 'spark_retail_analysis_dag' retrieved from /opt/airflow/dags/spark-retail-dag.py
[2024-05-28T16:28:15.230+0000] {logging_mixin.py:188} INFO - [2024-05-28T16:28:15.230+0000] {dag.py:3096} INFO - Sync 1 DAGs
[2024-05-28T16:28:15.244+0000] {logging_mixin.py:188} INFO - [2024-05-28T16:28:15.243+0000] {dag.py:3954} INFO - Setting next_dagrun for spark_retail_analysis_dag to 2024-05-28 00:00:00+00:00, run_after=2024-05-29 00:00:00+00:00
[2024-05-28T16:28:15.256+0000] {processor.py:183} INFO - Processing /opt/airflow/dags/spark-retail-dag.py took 0.058 seconds
[2024-05-28T16:28:45.758+0000] {processor.py:161} INFO - Started process (PID=4095) to work on /opt/airflow/dags/spark-retail-dag.py
[2024-05-28T16:28:45.759+0000] {processor.py:830} INFO - Processing file /opt/airflow/dags/spark-retail-dag.py for tasks to queue
[2024-05-28T16:28:45.760+0000] {logging_mixin.py:188} INFO - [2024-05-28T16:28:45.760+0000] {dagbag.py:545} INFO - Filling up the DagBag from /opt/airflow/dags/spark-retail-dag.py
[2024-05-28T16:28:45.769+0000] {processor.py:840} INFO - DAG(s) 'spark_retail_analysis_dag' retrieved from /opt/airflow/dags/spark-retail-dag.py
[2024-05-28T16:28:45.789+0000] {logging_mixin.py:188} INFO - [2024-05-28T16:28:45.788+0000] {dag.py:3096} INFO - Sync 1 DAGs
[2024-05-28T16:28:45.804+0000] {logging_mixin.py:188} INFO - [2024-05-28T16:28:45.804+0000] {dag.py:3954} INFO - Setting next_dagrun for spark_retail_analysis_dag to 2024-05-28 00:00:00+00:00, run_after=2024-05-29 00:00:00+00:00
[2024-05-28T16:28:45.818+0000] {processor.py:183} INFO - Processing /opt/airflow/dags/spark-retail-dag.py took 0.065 seconds
[2024-05-28T16:29:16.290+0000] {processor.py:161} INFO - Started process (PID=4105) to work on /opt/airflow/dags/spark-retail-dag.py
[2024-05-28T16:29:16.292+0000] {processor.py:830} INFO - Processing file /opt/airflow/dags/spark-retail-dag.py for tasks to queue
[2024-05-28T16:29:16.294+0000] {logging_mixin.py:188} INFO - [2024-05-28T16:29:16.294+0000] {dagbag.py:545} INFO - Filling up the DagBag from /opt/airflow/dags/spark-retail-dag.py
[2024-05-28T16:29:16.307+0000] {processor.py:840} INFO - DAG(s) 'spark_retail_analysis_dag' retrieved from /opt/airflow/dags/spark-retail-dag.py
[2024-05-28T16:29:16.332+0000] {logging_mixin.py:188} INFO - [2024-05-28T16:29:16.331+0000] {dag.py:3096} INFO - Sync 1 DAGs
[2024-05-28T16:29:16.342+0000] {logging_mixin.py:188} INFO - [2024-05-28T16:29:16.342+0000] {dag.py:3954} INFO - Setting next_dagrun for spark_retail_analysis_dag to 2024-05-28 00:00:00+00:00, run_after=2024-05-29 00:00:00+00:00
[2024-05-28T16:29:16.351+0000] {processor.py:183} INFO - Processing /opt/airflow/dags/spark-retail-dag.py took 0.071 seconds
[2024-05-28T16:29:46.857+0000] {processor.py:161} INFO - Started process (PID=4115) to work on /opt/airflow/dags/spark-retail-dag.py
[2024-05-28T16:29:46.858+0000] {processor.py:830} INFO - Processing file /opt/airflow/dags/spark-retail-dag.py for tasks to queue
[2024-05-28T16:29:46.859+0000] {logging_mixin.py:188} INFO - [2024-05-28T16:29:46.859+0000] {dagbag.py:545} INFO - Filling up the DagBag from /opt/airflow/dags/spark-retail-dag.py
[2024-05-28T16:29:46.868+0000] {processor.py:840} INFO - DAG(s) 'spark_retail_analysis_dag' retrieved from /opt/airflow/dags/spark-retail-dag.py
[2024-05-28T16:29:46.884+0000] {logging_mixin.py:188} INFO - [2024-05-28T16:29:46.883+0000] {dag.py:3096} INFO - Sync 1 DAGs
[2024-05-28T16:29:46.895+0000] {logging_mixin.py:188} INFO - [2024-05-28T16:29:46.895+0000] {dag.py:3954} INFO - Setting next_dagrun for spark_retail_analysis_dag to 2024-05-28 00:00:00+00:00, run_after=2024-05-29 00:00:00+00:00
[2024-05-28T16:29:46.906+0000] {processor.py:183} INFO - Processing /opt/airflow/dags/spark-retail-dag.py took 0.053 seconds
[2024-05-28T16:30:17.247+0000] {processor.py:161} INFO - Started process (PID=4125) to work on /opt/airflow/dags/spark-retail-dag.py
[2024-05-28T16:30:17.247+0000] {processor.py:830} INFO - Processing file /opt/airflow/dags/spark-retail-dag.py for tasks to queue
[2024-05-28T16:30:17.248+0000] {logging_mixin.py:188} INFO - [2024-05-28T16:30:17.248+0000] {dagbag.py:545} INFO - Filling up the DagBag from /opt/airflow/dags/spark-retail-dag.py
[2024-05-28T16:30:17.254+0000] {processor.py:840} INFO - DAG(s) 'spark_retail_analysis_dag' retrieved from /opt/airflow/dags/spark-retail-dag.py
[2024-05-28T16:30:17.267+0000] {logging_mixin.py:188} INFO - [2024-05-28T16:30:17.267+0000] {dag.py:3096} INFO - Sync 1 DAGs
[2024-05-28T16:30:17.277+0000] {logging_mixin.py:188} INFO - [2024-05-28T16:30:17.277+0000] {dag.py:3954} INFO - Setting next_dagrun for spark_retail_analysis_dag to 2024-05-28 00:00:00+00:00, run_after=2024-05-29 00:00:00+00:00
[2024-05-28T16:30:17.286+0000] {processor.py:183} INFO - Processing /opt/airflow/dags/spark-retail-dag.py took 0.043 seconds
[2024-05-28T16:30:47.713+0000] {processor.py:161} INFO - Started process (PID=4135) to work on /opt/airflow/dags/spark-retail-dag.py
[2024-05-28T16:30:47.715+0000] {processor.py:830} INFO - Processing file /opt/airflow/dags/spark-retail-dag.py for tasks to queue
[2024-05-28T16:30:47.717+0000] {logging_mixin.py:188} INFO - [2024-05-28T16:30:47.717+0000] {dagbag.py:545} INFO - Filling up the DagBag from /opt/airflow/dags/spark-retail-dag.py
[2024-05-28T16:30:47.728+0000] {processor.py:840} INFO - DAG(s) 'spark_retail_analysis_dag' retrieved from /opt/airflow/dags/spark-retail-dag.py
[2024-05-28T16:30:47.755+0000] {logging_mixin.py:188} INFO - [2024-05-28T16:30:47.754+0000] {dag.py:3096} INFO - Sync 1 DAGs
[2024-05-28T16:30:47.769+0000] {logging_mixin.py:188} INFO - [2024-05-28T16:30:47.769+0000] {dag.py:3954} INFO - Setting next_dagrun for spark_retail_analysis_dag to 2024-05-28 00:00:00+00:00, run_after=2024-05-29 00:00:00+00:00
[2024-05-28T16:30:47.782+0000] {processor.py:183} INFO - Processing /opt/airflow/dags/spark-retail-dag.py took 0.074 seconds
[2024-05-28T16:31:18.183+0000] {processor.py:161} INFO - Started process (PID=4145) to work on /opt/airflow/dags/spark-retail-dag.py
[2024-05-28T16:31:18.185+0000] {processor.py:830} INFO - Processing file /opt/airflow/dags/spark-retail-dag.py for tasks to queue
[2024-05-28T16:31:18.187+0000] {logging_mixin.py:188} INFO - [2024-05-28T16:31:18.187+0000] {dagbag.py:545} INFO - Filling up the DagBag from /opt/airflow/dags/spark-retail-dag.py
[2024-05-28T16:31:18.200+0000] {processor.py:840} INFO - DAG(s) 'spark_retail_analysis_dag' retrieved from /opt/airflow/dags/spark-retail-dag.py
[2024-05-28T16:31:18.218+0000] {logging_mixin.py:188} INFO - [2024-05-28T16:31:18.218+0000] {dag.py:3096} INFO - Sync 1 DAGs
[2024-05-28T16:31:18.231+0000] {logging_mixin.py:188} INFO - [2024-05-28T16:31:18.231+0000] {dag.py:3954} INFO - Setting next_dagrun for spark_retail_analysis_dag to 2024-05-28 00:00:00+00:00, run_after=2024-05-29 00:00:00+00:00
[2024-05-28T16:31:18.242+0000] {processor.py:183} INFO - Processing /opt/airflow/dags/spark-retail-dag.py took 0.069 seconds
[2024-05-28T16:31:48.680+0000] {processor.py:161} INFO - Started process (PID=4155) to work on /opt/airflow/dags/spark-retail-dag.py
[2024-05-28T16:31:48.682+0000] {processor.py:830} INFO - Processing file /opt/airflow/dags/spark-retail-dag.py for tasks to queue
[2024-05-28T16:31:48.686+0000] {logging_mixin.py:188} INFO - [2024-05-28T16:31:48.686+0000] {dagbag.py:545} INFO - Filling up the DagBag from /opt/airflow/dags/spark-retail-dag.py
[2024-05-28T16:31:48.703+0000] {processor.py:840} INFO - DAG(s) 'spark_retail_analysis_dag' retrieved from /opt/airflow/dags/spark-retail-dag.py
[2024-05-28T16:31:48.733+0000] {logging_mixin.py:188} INFO - [2024-05-28T16:31:48.733+0000] {dag.py:3096} INFO - Sync 1 DAGs
[2024-05-28T16:31:48.748+0000] {logging_mixin.py:188} INFO - [2024-05-28T16:31:48.748+0000] {dag.py:3954} INFO - Setting next_dagrun for spark_retail_analysis_dag to 2024-05-28 00:00:00+00:00, run_after=2024-05-29 00:00:00+00:00
[2024-05-28T16:31:48.760+0000] {processor.py:183} INFO - Processing /opt/airflow/dags/spark-retail-dag.py took 0.094 seconds
[2024-05-28T16:32:19.204+0000] {processor.py:161} INFO - Started process (PID=4165) to work on /opt/airflow/dags/spark-retail-dag.py
[2024-05-28T16:32:19.206+0000] {processor.py:830} INFO - Processing file /opt/airflow/dags/spark-retail-dag.py for tasks to queue
[2024-05-28T16:32:19.208+0000] {logging_mixin.py:188} INFO - [2024-05-28T16:32:19.208+0000] {dagbag.py:545} INFO - Filling up the DagBag from /opt/airflow/dags/spark-retail-dag.py
[2024-05-28T16:32:19.221+0000] {processor.py:840} INFO - DAG(s) 'spark_retail_analysis_dag' retrieved from /opt/airflow/dags/spark-retail-dag.py
[2024-05-28T16:32:19.251+0000] {logging_mixin.py:188} INFO - [2024-05-28T16:32:19.251+0000] {dag.py:3096} INFO - Sync 1 DAGs
[2024-05-28T16:32:19.265+0000] {logging_mixin.py:188} INFO - [2024-05-28T16:32:19.265+0000] {dag.py:3954} INFO - Setting next_dagrun for spark_retail_analysis_dag to 2024-05-28 00:00:00+00:00, run_after=2024-05-29 00:00:00+00:00
[2024-05-28T16:32:19.274+0000] {processor.py:183} INFO - Processing /opt/airflow/dags/spark-retail-dag.py took 0.080 seconds
[2024-05-28T16:32:49.647+0000] {processor.py:161} INFO - Started process (PID=4175) to work on /opt/airflow/dags/spark-retail-dag.py
[2024-05-28T16:32:49.648+0000] {processor.py:830} INFO - Processing file /opt/airflow/dags/spark-retail-dag.py for tasks to queue
[2024-05-28T16:32:49.649+0000] {logging_mixin.py:188} INFO - [2024-05-28T16:32:49.649+0000] {dagbag.py:545} INFO - Filling up the DagBag from /opt/airflow/dags/spark-retail-dag.py
[2024-05-28T16:32:49.656+0000] {processor.py:840} INFO - DAG(s) 'spark_retail_analysis_dag' retrieved from /opt/airflow/dags/spark-retail-dag.py
[2024-05-28T16:32:49.670+0000] {logging_mixin.py:188} INFO - [2024-05-28T16:32:49.670+0000] {dag.py:3096} INFO - Sync 1 DAGs
[2024-05-28T16:32:49.682+0000] {logging_mixin.py:188} INFO - [2024-05-28T16:32:49.682+0000] {dag.py:3954} INFO - Setting next_dagrun for spark_retail_analysis_dag to 2024-05-28 00:00:00+00:00, run_after=2024-05-29 00:00:00+00:00
[2024-05-28T16:32:49.691+0000] {processor.py:183} INFO - Processing /opt/airflow/dags/spark-retail-dag.py took 0.047 seconds
[2024-05-28T16:33:20.176+0000] {processor.py:161} INFO - Started process (PID=4185) to work on /opt/airflow/dags/spark-retail-dag.py
[2024-05-28T16:33:20.177+0000] {processor.py:830} INFO - Processing file /opt/airflow/dags/spark-retail-dag.py for tasks to queue
[2024-05-28T16:33:20.179+0000] {logging_mixin.py:188} INFO - [2024-05-28T16:33:20.179+0000] {dagbag.py:545} INFO - Filling up the DagBag from /opt/airflow/dags/spark-retail-dag.py
[2024-05-28T16:33:20.188+0000] {processor.py:840} INFO - DAG(s) 'spark_retail_analysis_dag' retrieved from /opt/airflow/dags/spark-retail-dag.py
[2024-05-28T16:33:20.206+0000] {logging_mixin.py:188} INFO - [2024-05-28T16:33:20.206+0000] {dag.py:3096} INFO - Sync 1 DAGs
[2024-05-28T16:33:20.219+0000] {logging_mixin.py:188} INFO - [2024-05-28T16:33:20.219+0000] {dag.py:3954} INFO - Setting next_dagrun for spark_retail_analysis_dag to 2024-05-28 00:00:00+00:00, run_after=2024-05-29 00:00:00+00:00
[2024-05-28T16:33:20.229+0000] {processor.py:183} INFO - Processing /opt/airflow/dags/spark-retail-dag.py took 0.058 seconds
[2024-05-28T16:33:50.687+0000] {processor.py:161} INFO - Started process (PID=4195) to work on /opt/airflow/dags/spark-retail-dag.py
[2024-05-28T16:33:50.689+0000] {processor.py:830} INFO - Processing file /opt/airflow/dags/spark-retail-dag.py for tasks to queue
[2024-05-28T16:33:50.691+0000] {logging_mixin.py:188} INFO - [2024-05-28T16:33:50.691+0000] {dagbag.py:545} INFO - Filling up the DagBag from /opt/airflow/dags/spark-retail-dag.py
[2024-05-28T16:33:50.703+0000] {processor.py:840} INFO - DAG(s) 'spark_retail_analysis_dag' retrieved from /opt/airflow/dags/spark-retail-dag.py
[2024-05-28T16:33:50.732+0000] {logging_mixin.py:188} INFO - [2024-05-28T16:33:50.731+0000] {dag.py:3096} INFO - Sync 1 DAGs
[2024-05-28T16:33:50.745+0000] {logging_mixin.py:188} INFO - [2024-05-28T16:33:50.745+0000] {dag.py:3954} INFO - Setting next_dagrun for spark_retail_analysis_dag to 2024-05-28 00:00:00+00:00, run_after=2024-05-29 00:00:00+00:00
[2024-05-28T16:33:50.753+0000] {processor.py:183} INFO - Processing /opt/airflow/dags/spark-retail-dag.py took 0.076 seconds
[2024-05-28T16:34:21.121+0000] {processor.py:161} INFO - Started process (PID=4205) to work on /opt/airflow/dags/spark-retail-dag.py
[2024-05-28T16:34:21.123+0000] {processor.py:830} INFO - Processing file /opt/airflow/dags/spark-retail-dag.py for tasks to queue
[2024-05-28T16:34:21.125+0000] {logging_mixin.py:188} INFO - [2024-05-28T16:34:21.124+0000] {dagbag.py:545} INFO - Filling up the DagBag from /opt/airflow/dags/spark-retail-dag.py
[2024-05-28T16:34:21.137+0000] {processor.py:840} INFO - DAG(s) 'spark_retail_analysis_dag' retrieved from /opt/airflow/dags/spark-retail-dag.py
[2024-05-28T16:34:21.161+0000] {logging_mixin.py:188} INFO - [2024-05-28T16:34:21.161+0000] {dag.py:3096} INFO - Sync 1 DAGs
[2024-05-28T16:34:21.172+0000] {logging_mixin.py:188} INFO - [2024-05-28T16:34:21.171+0000] {dag.py:3954} INFO - Setting next_dagrun for spark_retail_analysis_dag to 2024-05-28 00:00:00+00:00, run_after=2024-05-29 00:00:00+00:00
[2024-05-28T16:34:21.181+0000] {processor.py:183} INFO - Processing /opt/airflow/dags/spark-retail-dag.py took 0.068 seconds
[2024-05-28T16:34:51.589+0000] {processor.py:161} INFO - Started process (PID=4215) to work on /opt/airflow/dags/spark-retail-dag.py
[2024-05-28T16:34:51.591+0000] {processor.py:830} INFO - Processing file /opt/airflow/dags/spark-retail-dag.py for tasks to queue
[2024-05-28T16:34:51.594+0000] {logging_mixin.py:188} INFO - [2024-05-28T16:34:51.594+0000] {dagbag.py:545} INFO - Filling up the DagBag from /opt/airflow/dags/spark-retail-dag.py
[2024-05-28T16:34:51.605+0000] {processor.py:840} INFO - DAG(s) 'spark_retail_analysis_dag' retrieved from /opt/airflow/dags/spark-retail-dag.py
[2024-05-28T16:34:51.624+0000] {logging_mixin.py:188} INFO - [2024-05-28T16:34:51.623+0000] {dag.py:3096} INFO - Sync 1 DAGs
[2024-05-28T16:34:51.637+0000] {logging_mixin.py:188} INFO - [2024-05-28T16:34:51.637+0000] {dag.py:3954} INFO - Setting next_dagrun for spark_retail_analysis_dag to 2024-05-28 00:00:00+00:00, run_after=2024-05-29 00:00:00+00:00
[2024-05-28T16:34:51.645+0000] {processor.py:183} INFO - Processing /opt/airflow/dags/spark-retail-dag.py took 0.067 seconds
[2024-05-28T16:35:22.057+0000] {processor.py:161} INFO - Started process (PID=4225) to work on /opt/airflow/dags/spark-retail-dag.py
[2024-05-28T16:35:22.058+0000] {processor.py:830} INFO - Processing file /opt/airflow/dags/spark-retail-dag.py for tasks to queue
[2024-05-28T16:35:22.061+0000] {logging_mixin.py:188} INFO - [2024-05-28T16:35:22.060+0000] {dagbag.py:545} INFO - Filling up the DagBag from /opt/airflow/dags/spark-retail-dag.py
[2024-05-28T16:35:22.073+0000] {processor.py:840} INFO - DAG(s) 'spark_retail_analysis_dag' retrieved from /opt/airflow/dags/spark-retail-dag.py
[2024-05-28T16:35:22.094+0000] {logging_mixin.py:188} INFO - [2024-05-28T16:35:22.094+0000] {dag.py:3096} INFO - Sync 1 DAGs
[2024-05-28T16:35:22.106+0000] {logging_mixin.py:188} INFO - [2024-05-28T16:35:22.106+0000] {dag.py:3954} INFO - Setting next_dagrun for spark_retail_analysis_dag to 2024-05-28 00:00:00+00:00, run_after=2024-05-29 00:00:00+00:00
[2024-05-28T16:35:22.116+0000] {processor.py:183} INFO - Processing /opt/airflow/dags/spark-retail-dag.py took 0.068 seconds
[2024-05-28T16:35:52.545+0000] {processor.py:161} INFO - Started process (PID=4235) to work on /opt/airflow/dags/spark-retail-dag.py
[2024-05-28T16:35:52.547+0000] {processor.py:830} INFO - Processing file /opt/airflow/dags/spark-retail-dag.py for tasks to queue
[2024-05-28T16:35:52.549+0000] {logging_mixin.py:188} INFO - [2024-05-28T16:35:52.549+0000] {dagbag.py:545} INFO - Filling up the DagBag from /opt/airflow/dags/spark-retail-dag.py
[2024-05-28T16:35:52.560+0000] {processor.py:840} INFO - DAG(s) 'spark_retail_analysis_dag' retrieved from /opt/airflow/dags/spark-retail-dag.py
[2024-05-28T16:35:52.581+0000] {logging_mixin.py:188} INFO - [2024-05-28T16:35:52.581+0000] {dag.py:3096} INFO - Sync 1 DAGs
[2024-05-28T16:35:52.594+0000] {logging_mixin.py:188} INFO - [2024-05-28T16:35:52.594+0000] {dag.py:3954} INFO - Setting next_dagrun for spark_retail_analysis_dag to 2024-05-28 00:00:00+00:00, run_after=2024-05-29 00:00:00+00:00
[2024-05-28T16:35:52.606+0000] {processor.py:183} INFO - Processing /opt/airflow/dags/spark-retail-dag.py took 0.069 seconds
[2024-05-28T16:36:23.023+0000] {processor.py:161} INFO - Started process (PID=4245) to work on /opt/airflow/dags/spark-retail-dag.py
[2024-05-28T16:36:23.025+0000] {processor.py:830} INFO - Processing file /opt/airflow/dags/spark-retail-dag.py for tasks to queue
[2024-05-28T16:36:23.027+0000] {logging_mixin.py:188} INFO - [2024-05-28T16:36:23.027+0000] {dagbag.py:545} INFO - Filling up the DagBag from /opt/airflow/dags/spark-retail-dag.py
[2024-05-28T16:36:23.040+0000] {processor.py:840} INFO - DAG(s) 'spark_retail_analysis_dag' retrieved from /opt/airflow/dags/spark-retail-dag.py
[2024-05-28T16:36:23.064+0000] {logging_mixin.py:188} INFO - [2024-05-28T16:36:23.064+0000] {dag.py:3096} INFO - Sync 1 DAGs
[2024-05-28T16:36:23.074+0000] {logging_mixin.py:188} INFO - [2024-05-28T16:36:23.074+0000] {dag.py:3954} INFO - Setting next_dagrun for spark_retail_analysis_dag to 2024-05-28 00:00:00+00:00, run_after=2024-05-29 00:00:00+00:00
[2024-05-28T16:36:23.082+0000] {processor.py:183} INFO - Processing /opt/airflow/dags/spark-retail-dag.py took 0.068 seconds
[2024-05-28T16:36:53.604+0000] {processor.py:161} INFO - Started process (PID=4255) to work on /opt/airflow/dags/spark-retail-dag.py
[2024-05-28T16:36:53.605+0000] {processor.py:830} INFO - Processing file /opt/airflow/dags/spark-retail-dag.py for tasks to queue
[2024-05-28T16:36:53.607+0000] {logging_mixin.py:188} INFO - [2024-05-28T16:36:53.607+0000] {dagbag.py:545} INFO - Filling up the DagBag from /opt/airflow/dags/spark-retail-dag.py
[2024-05-28T16:36:53.620+0000] {processor.py:840} INFO - DAG(s) 'spark_retail_analysis_dag' retrieved from /opt/airflow/dags/spark-retail-dag.py
[2024-05-28T16:36:53.643+0000] {logging_mixin.py:188} INFO - [2024-05-28T16:36:53.642+0000] {dag.py:3096} INFO - Sync 1 DAGs
[2024-05-28T16:36:53.659+0000] {logging_mixin.py:188} INFO - [2024-05-28T16:36:53.659+0000] {dag.py:3954} INFO - Setting next_dagrun for spark_retail_analysis_dag to 2024-05-28 00:00:00+00:00, run_after=2024-05-29 00:00:00+00:00
[2024-05-28T16:36:53.672+0000] {processor.py:183} INFO - Processing /opt/airflow/dags/spark-retail-dag.py took 0.076 seconds
[2024-05-28T16:37:24.065+0000] {processor.py:161} INFO - Started process (PID=4265) to work on /opt/airflow/dags/spark-retail-dag.py
[2024-05-28T16:37:24.067+0000] {processor.py:830} INFO - Processing file /opt/airflow/dags/spark-retail-dag.py for tasks to queue
[2024-05-28T16:37:24.069+0000] {logging_mixin.py:188} INFO - [2024-05-28T16:37:24.068+0000] {dagbag.py:545} INFO - Filling up the DagBag from /opt/airflow/dags/spark-retail-dag.py
[2024-05-28T16:37:24.078+0000] {processor.py:840} INFO - DAG(s) 'spark_retail_analysis_dag' retrieved from /opt/airflow/dags/spark-retail-dag.py
[2024-05-28T16:37:24.096+0000] {logging_mixin.py:188} INFO - [2024-05-28T16:37:24.096+0000] {dag.py:3096} INFO - Sync 1 DAGs
[2024-05-28T16:37:24.111+0000] {logging_mixin.py:188} INFO - [2024-05-28T16:37:24.110+0000] {dag.py:3954} INFO - Setting next_dagrun for spark_retail_analysis_dag to 2024-05-28 00:00:00+00:00, run_after=2024-05-29 00:00:00+00:00
[2024-05-28T16:37:24.120+0000] {processor.py:183} INFO - Processing /opt/airflow/dags/spark-retail-dag.py took 0.059 seconds
[2024-05-28T16:37:54.588+0000] {processor.py:161} INFO - Started process (PID=4275) to work on /opt/airflow/dags/spark-retail-dag.py
[2024-05-28T16:37:54.590+0000] {processor.py:830} INFO - Processing file /opt/airflow/dags/spark-retail-dag.py for tasks to queue
[2024-05-28T16:37:54.593+0000] {logging_mixin.py:188} INFO - [2024-05-28T16:37:54.592+0000] {dagbag.py:545} INFO - Filling up the DagBag from /opt/airflow/dags/spark-retail-dag.py
[2024-05-28T16:37:54.605+0000] {processor.py:840} INFO - DAG(s) 'spark_retail_analysis_dag' retrieved from /opt/airflow/dags/spark-retail-dag.py
[2024-05-28T16:37:54.631+0000] {logging_mixin.py:188} INFO - [2024-05-28T16:37:54.630+0000] {dag.py:3096} INFO - Sync 1 DAGs
[2024-05-28T16:37:54.642+0000] {logging_mixin.py:188} INFO - [2024-05-28T16:37:54.642+0000] {dag.py:3954} INFO - Setting next_dagrun for spark_retail_analysis_dag to 2024-05-28 00:00:00+00:00, run_after=2024-05-29 00:00:00+00:00
[2024-05-28T16:37:54.651+0000] {processor.py:183} INFO - Processing /opt/airflow/dags/spark-retail-dag.py took 0.072 seconds
[2024-05-28T16:38:25.015+0000] {processor.py:161} INFO - Started process (PID=4285) to work on /opt/airflow/dags/spark-retail-dag.py
[2024-05-28T16:38:25.017+0000] {processor.py:830} INFO - Processing file /opt/airflow/dags/spark-retail-dag.py for tasks to queue
[2024-05-28T16:38:25.019+0000] {logging_mixin.py:188} INFO - [2024-05-28T16:38:25.018+0000] {dagbag.py:545} INFO - Filling up the DagBag from /opt/airflow/dags/spark-retail-dag.py
[2024-05-28T16:38:25.029+0000] {processor.py:840} INFO - DAG(s) 'spark_retail_analysis_dag' retrieved from /opt/airflow/dags/spark-retail-dag.py
[2024-05-28T16:38:25.056+0000] {logging_mixin.py:188} INFO - [2024-05-28T16:38:25.056+0000] {dag.py:3096} INFO - Sync 1 DAGs
[2024-05-28T16:38:25.069+0000] {logging_mixin.py:188} INFO - [2024-05-28T16:38:25.069+0000] {dag.py:3954} INFO - Setting next_dagrun for spark_retail_analysis_dag to 2024-05-28 00:00:00+00:00, run_after=2024-05-29 00:00:00+00:00
[2024-05-28T16:38:25.078+0000] {processor.py:183} INFO - Processing /opt/airflow/dags/spark-retail-dag.py took 0.072 seconds
[2024-05-28T16:38:55.532+0000] {processor.py:161} INFO - Started process (PID=4295) to work on /opt/airflow/dags/spark-retail-dag.py
[2024-05-28T16:38:55.533+0000] {processor.py:830} INFO - Processing file /opt/airflow/dags/spark-retail-dag.py for tasks to queue
[2024-05-28T16:38:55.535+0000] {logging_mixin.py:188} INFO - [2024-05-28T16:38:55.534+0000] {dagbag.py:545} INFO - Filling up the DagBag from /opt/airflow/dags/spark-retail-dag.py
[2024-05-28T16:38:55.545+0000] {processor.py:840} INFO - DAG(s) 'spark_retail_analysis_dag' retrieved from /opt/airflow/dags/spark-retail-dag.py
[2024-05-28T16:38:55.568+0000] {logging_mixin.py:188} INFO - [2024-05-28T16:38:55.568+0000] {dag.py:3096} INFO - Sync 1 DAGs
[2024-05-28T16:38:55.584+0000] {logging_mixin.py:188} INFO - [2024-05-28T16:38:55.584+0000] {dag.py:3954} INFO - Setting next_dagrun for spark_retail_analysis_dag to 2024-05-28 00:00:00+00:00, run_after=2024-05-29 00:00:00+00:00
[2024-05-28T16:38:55.595+0000] {processor.py:183} INFO - Processing /opt/airflow/dags/spark-retail-dag.py took 0.073 seconds
[2024-05-28T16:39:25.982+0000] {processor.py:161} INFO - Started process (PID=4305) to work on /opt/airflow/dags/spark-retail-dag.py
[2024-05-28T16:39:25.984+0000] {processor.py:830} INFO - Processing file /opt/airflow/dags/spark-retail-dag.py for tasks to queue
[2024-05-28T16:39:25.986+0000] {logging_mixin.py:188} INFO - [2024-05-28T16:39:25.985+0000] {dagbag.py:545} INFO - Filling up the DagBag from /opt/airflow/dags/spark-retail-dag.py
[2024-05-28T16:39:25.997+0000] {processor.py:840} INFO - DAG(s) 'spark_retail_analysis_dag' retrieved from /opt/airflow/dags/spark-retail-dag.py
[2024-05-28T16:39:26.023+0000] {logging_mixin.py:188} INFO - [2024-05-28T16:39:26.023+0000] {dag.py:3096} INFO - Sync 1 DAGs
[2024-05-28T16:39:26.037+0000] {logging_mixin.py:188} INFO - [2024-05-28T16:39:26.036+0000] {dag.py:3954} INFO - Setting next_dagrun for spark_retail_analysis_dag to 2024-05-28 00:00:00+00:00, run_after=2024-05-29 00:00:00+00:00
[2024-05-28T16:39:26.048+0000] {processor.py:183} INFO - Processing /opt/airflow/dags/spark-retail-dag.py took 0.075 seconds
[2024-05-28T16:39:56.418+0000] {processor.py:161} INFO - Started process (PID=4315) to work on /opt/airflow/dags/spark-retail-dag.py
[2024-05-28T16:39:56.419+0000] {processor.py:830} INFO - Processing file /opt/airflow/dags/spark-retail-dag.py for tasks to queue
[2024-05-28T16:39:56.422+0000] {logging_mixin.py:188} INFO - [2024-05-28T16:39:56.421+0000] {dagbag.py:545} INFO - Filling up the DagBag from /opt/airflow/dags/spark-retail-dag.py
[2024-05-28T16:39:56.523+0000] {processor.py:840} INFO - DAG(s) 'spark_retail_analysis_dag' retrieved from /opt/airflow/dags/spark-retail-dag.py
[2024-05-28T16:39:56.571+0000] {logging_mixin.py:188} INFO - [2024-05-28T16:39:56.571+0000] {dag.py:3096} INFO - Sync 1 DAGs
[2024-05-28T16:39:56.585+0000] {logging_mixin.py:188} INFO - [2024-05-28T16:39:56.585+0000] {dag.py:3954} INFO - Setting next_dagrun for spark_retail_analysis_dag to 2024-05-28 00:00:00+00:00, run_after=2024-05-29 00:00:00+00:00
[2024-05-28T16:39:56.599+0000] {processor.py:183} INFO - Processing /opt/airflow/dags/spark-retail-dag.py took 0.185 seconds
[2024-05-28T16:40:26.912+0000] {processor.py:161} INFO - Started process (PID=4325) to work on /opt/airflow/dags/spark-retail-dag.py
[2024-05-28T16:40:26.913+0000] {processor.py:830} INFO - Processing file /opt/airflow/dags/spark-retail-dag.py for tasks to queue
[2024-05-28T16:40:26.914+0000] {logging_mixin.py:188} INFO - [2024-05-28T16:40:26.914+0000] {dagbag.py:545} INFO - Filling up the DagBag from /opt/airflow/dags/spark-retail-dag.py
[2024-05-28T16:40:26.923+0000] {processor.py:840} INFO - DAG(s) 'spark_retail_analysis_dag' retrieved from /opt/airflow/dags/spark-retail-dag.py
[2024-05-28T16:40:26.941+0000] {logging_mixin.py:188} INFO - [2024-05-28T16:40:26.941+0000] {dag.py:3096} INFO - Sync 1 DAGs
[2024-05-28T16:40:26.954+0000] {logging_mixin.py:188} INFO - [2024-05-28T16:40:26.954+0000] {dag.py:3954} INFO - Setting next_dagrun for spark_retail_analysis_dag to 2024-05-28 00:00:00+00:00, run_after=2024-05-29 00:00:00+00:00
[2024-05-28T16:40:26.963+0000] {processor.py:183} INFO - Processing /opt/airflow/dags/spark-retail-dag.py took 0.057 seconds
[2024-05-28T16:40:57.352+0000] {processor.py:161} INFO - Started process (PID=4335) to work on /opt/airflow/dags/spark-retail-dag.py
[2024-05-28T16:40:57.354+0000] {processor.py:830} INFO - Processing file /opt/airflow/dags/spark-retail-dag.py for tasks to queue
[2024-05-28T16:40:57.356+0000] {logging_mixin.py:188} INFO - [2024-05-28T16:40:57.355+0000] {dagbag.py:545} INFO - Filling up the DagBag from /opt/airflow/dags/spark-retail-dag.py
[2024-05-28T16:40:57.364+0000] {processor.py:840} INFO - DAG(s) 'spark_retail_analysis_dag' retrieved from /opt/airflow/dags/spark-retail-dag.py
[2024-05-28T16:40:57.401+0000] {logging_mixin.py:188} INFO - [2024-05-28T16:40:57.400+0000] {dag.py:3096} INFO - Sync 1 DAGs
[2024-05-28T16:40:57.420+0000] {logging_mixin.py:188} INFO - [2024-05-28T16:40:57.420+0000] {dag.py:3954} INFO - Setting next_dagrun for spark_retail_analysis_dag to 2024-05-28 00:00:00+00:00, run_after=2024-05-29 00:00:00+00:00
[2024-05-28T16:40:57.436+0000] {processor.py:183} INFO - Processing /opt/airflow/dags/spark-retail-dag.py took 0.089 seconds
[2024-05-28T16:41:27.829+0000] {processor.py:161} INFO - Started process (PID=4345) to work on /opt/airflow/dags/spark-retail-dag.py
[2024-05-28T16:41:27.830+0000] {processor.py:830} INFO - Processing file /opt/airflow/dags/spark-retail-dag.py for tasks to queue
[2024-05-28T16:41:27.831+0000] {logging_mixin.py:188} INFO - [2024-05-28T16:41:27.831+0000] {dagbag.py:545} INFO - Filling up the DagBag from /opt/airflow/dags/spark-retail-dag.py
[2024-05-28T16:41:27.839+0000] {processor.py:840} INFO - DAG(s) 'spark_retail_analysis_dag' retrieved from /opt/airflow/dags/spark-retail-dag.py
[2024-05-28T16:41:27.857+0000] {logging_mixin.py:188} INFO - [2024-05-28T16:41:27.857+0000] {dag.py:3096} INFO - Sync 1 DAGs
[2024-05-28T16:41:27.869+0000] {logging_mixin.py:188} INFO - [2024-05-28T16:41:27.869+0000] {dag.py:3954} INFO - Setting next_dagrun for spark_retail_analysis_dag to 2024-05-28 00:00:00+00:00, run_after=2024-05-29 00:00:00+00:00
[2024-05-28T16:41:27.879+0000] {processor.py:183} INFO - Processing /opt/airflow/dags/spark-retail-dag.py took 0.056 seconds
[2024-05-28T16:41:58.305+0000] {processor.py:161} INFO - Started process (PID=4355) to work on /opt/airflow/dags/spark-retail-dag.py
[2024-05-28T16:41:58.306+0000] {processor.py:830} INFO - Processing file /opt/airflow/dags/spark-retail-dag.py for tasks to queue
[2024-05-28T16:41:58.309+0000] {logging_mixin.py:188} INFO - [2024-05-28T16:41:58.309+0000] {dagbag.py:545} INFO - Filling up the DagBag from /opt/airflow/dags/spark-retail-dag.py
[2024-05-28T16:41:58.318+0000] {processor.py:840} INFO - DAG(s) 'spark_retail_analysis_dag' retrieved from /opt/airflow/dags/spark-retail-dag.py
[2024-05-28T16:41:58.340+0000] {logging_mixin.py:188} INFO - [2024-05-28T16:41:58.339+0000] {dag.py:3096} INFO - Sync 1 DAGs
[2024-05-28T16:41:58.353+0000] {logging_mixin.py:188} INFO - [2024-05-28T16:41:58.353+0000] {dag.py:3954} INFO - Setting next_dagrun for spark_retail_analysis_dag to 2024-05-28 00:00:00+00:00, run_after=2024-05-29 00:00:00+00:00
[2024-05-28T16:41:58.363+0000] {processor.py:183} INFO - Processing /opt/airflow/dags/spark-retail-dag.py took 0.067 seconds
[2024-05-28T16:42:28.735+0000] {processor.py:161} INFO - Started process (PID=4365) to work on /opt/airflow/dags/spark-retail-dag.py
[2024-05-28T16:42:28.737+0000] {processor.py:830} INFO - Processing file /opt/airflow/dags/spark-retail-dag.py for tasks to queue
[2024-05-28T16:42:28.740+0000] {logging_mixin.py:188} INFO - [2024-05-28T16:42:28.739+0000] {dagbag.py:545} INFO - Filling up the DagBag from /opt/airflow/dags/spark-retail-dag.py
[2024-05-28T16:42:28.752+0000] {processor.py:840} INFO - DAG(s) 'spark_retail_analysis_dag' retrieved from /opt/airflow/dags/spark-retail-dag.py
[2024-05-28T16:42:28.777+0000] {logging_mixin.py:188} INFO - [2024-05-28T16:42:28.777+0000] {dag.py:3096} INFO - Sync 1 DAGs
[2024-05-28T16:42:28.794+0000] {logging_mixin.py:188} INFO - [2024-05-28T16:42:28.794+0000] {dag.py:3954} INFO - Setting next_dagrun for spark_retail_analysis_dag to 2024-05-28 00:00:00+00:00, run_after=2024-05-29 00:00:00+00:00
[2024-05-28T16:42:28.817+0000] {processor.py:183} INFO - Processing /opt/airflow/dags/spark-retail-dag.py took 0.089 seconds
[2024-05-28T16:42:59.246+0000] {processor.py:161} INFO - Started process (PID=4375) to work on /opt/airflow/dags/spark-retail-dag.py
[2024-05-28T16:42:59.248+0000] {processor.py:830} INFO - Processing file /opt/airflow/dags/spark-retail-dag.py for tasks to queue
[2024-05-28T16:42:59.250+0000] {logging_mixin.py:188} INFO - [2024-05-28T16:42:59.250+0000] {dagbag.py:545} INFO - Filling up the DagBag from /opt/airflow/dags/spark-retail-dag.py
[2024-05-28T16:42:59.263+0000] {processor.py:840} INFO - DAG(s) 'spark_retail_analysis_dag' retrieved from /opt/airflow/dags/spark-retail-dag.py
[2024-05-28T16:42:59.287+0000] {logging_mixin.py:188} INFO - [2024-05-28T16:42:59.287+0000] {dag.py:3096} INFO - Sync 1 DAGs
[2024-05-28T16:42:59.298+0000] {logging_mixin.py:188} INFO - [2024-05-28T16:42:59.298+0000] {dag.py:3954} INFO - Setting next_dagrun for spark_retail_analysis_dag to 2024-05-28 00:00:00+00:00, run_after=2024-05-29 00:00:00+00:00
[2024-05-28T16:42:59.306+0000] {processor.py:183} INFO - Processing /opt/airflow/dags/spark-retail-dag.py took 0.070 seconds
[2024-05-28T16:43:29.744+0000] {processor.py:161} INFO - Started process (PID=4385) to work on /opt/airflow/dags/spark-retail-dag.py
[2024-05-28T16:43:29.746+0000] {processor.py:830} INFO - Processing file /opt/airflow/dags/spark-retail-dag.py for tasks to queue
[2024-05-28T16:43:29.749+0000] {logging_mixin.py:188} INFO - [2024-05-28T16:43:29.749+0000] {dagbag.py:545} INFO - Filling up the DagBag from /opt/airflow/dags/spark-retail-dag.py
[2024-05-28T16:43:29.762+0000] {processor.py:840} INFO - DAG(s) 'spark_retail_analysis_dag' retrieved from /opt/airflow/dags/spark-retail-dag.py
[2024-05-28T16:43:29.785+0000] {logging_mixin.py:188} INFO - [2024-05-28T16:43:29.785+0000] {dag.py:3096} INFO - Sync 1 DAGs
[2024-05-28T16:43:29.797+0000] {logging_mixin.py:188} INFO - [2024-05-28T16:43:29.796+0000] {dag.py:3954} INFO - Setting next_dagrun for spark_retail_analysis_dag to 2024-05-28 00:00:00+00:00, run_after=2024-05-29 00:00:00+00:00
[2024-05-28T16:43:29.805+0000] {processor.py:183} INFO - Processing /opt/airflow/dags/spark-retail-dag.py took 0.071 seconds
[2024-05-28T16:44:00.280+0000] {processor.py:161} INFO - Started process (PID=4395) to work on /opt/airflow/dags/spark-retail-dag.py
[2024-05-28T16:44:00.282+0000] {processor.py:830} INFO - Processing file /opt/airflow/dags/spark-retail-dag.py for tasks to queue
[2024-05-28T16:44:00.284+0000] {logging_mixin.py:188} INFO - [2024-05-28T16:44:00.284+0000] {dagbag.py:545} INFO - Filling up the DagBag from /opt/airflow/dags/spark-retail-dag.py
[2024-05-28T16:44:00.300+0000] {processor.py:840} INFO - DAG(s) 'spark_retail_analysis_dag' retrieved from /opt/airflow/dags/spark-retail-dag.py
[2024-05-28T16:44:00.322+0000] {logging_mixin.py:188} INFO - [2024-05-28T16:44:00.322+0000] {dag.py:3096} INFO - Sync 1 DAGs
[2024-05-28T16:44:00.332+0000] {logging_mixin.py:188} INFO - [2024-05-28T16:44:00.332+0000] {dag.py:3954} INFO - Setting next_dagrun for spark_retail_analysis_dag to 2024-05-28 00:00:00+00:00, run_after=2024-05-29 00:00:00+00:00
[2024-05-28T16:44:00.341+0000] {processor.py:183} INFO - Processing /opt/airflow/dags/spark-retail-dag.py took 0.072 seconds
[2024-05-28T16:44:30.712+0000] {processor.py:161} INFO - Started process (PID=4405) to work on /opt/airflow/dags/spark-retail-dag.py
[2024-05-28T16:44:30.714+0000] {processor.py:830} INFO - Processing file /opt/airflow/dags/spark-retail-dag.py for tasks to queue
[2024-05-28T16:44:30.715+0000] {logging_mixin.py:188} INFO - [2024-05-28T16:44:30.715+0000] {dagbag.py:545} INFO - Filling up the DagBag from /opt/airflow/dags/spark-retail-dag.py
[2024-05-28T16:44:30.724+0000] {processor.py:840} INFO - DAG(s) 'spark_retail_analysis_dag' retrieved from /opt/airflow/dags/spark-retail-dag.py
[2024-05-28T16:44:30.752+0000] {logging_mixin.py:188} INFO - [2024-05-28T16:44:30.752+0000] {dag.py:3096} INFO - Sync 1 DAGs
[2024-05-28T16:44:30.773+0000] {logging_mixin.py:188} INFO - [2024-05-28T16:44:30.772+0000] {dag.py:3954} INFO - Setting next_dagrun for spark_retail_analysis_dag to 2024-05-28 00:00:00+00:00, run_after=2024-05-29 00:00:00+00:00
[2024-05-28T16:44:30.787+0000] {processor.py:183} INFO - Processing /opt/airflow/dags/spark-retail-dag.py took 0.080 seconds
[2024-05-28T16:45:01.135+0000] {processor.py:161} INFO - Started process (PID=4415) to work on /opt/airflow/dags/spark-retail-dag.py
[2024-05-28T16:45:01.137+0000] {processor.py:830} INFO - Processing file /opt/airflow/dags/spark-retail-dag.py for tasks to queue
[2024-05-28T16:45:01.139+0000] {logging_mixin.py:188} INFO - [2024-05-28T16:45:01.139+0000] {dagbag.py:545} INFO - Filling up the DagBag from /opt/airflow/dags/spark-retail-dag.py
[2024-05-28T16:45:01.155+0000] {processor.py:840} INFO - DAG(s) 'spark_retail_analysis_dag' retrieved from /opt/airflow/dags/spark-retail-dag.py
[2024-05-28T16:45:01.176+0000] {logging_mixin.py:188} INFO - [2024-05-28T16:45:01.176+0000] {dag.py:3096} INFO - Sync 1 DAGs
[2024-05-28T16:45:01.187+0000] {logging_mixin.py:188} INFO - [2024-05-28T16:45:01.187+0000] {dag.py:3954} INFO - Setting next_dagrun for spark_retail_analysis_dag to 2024-05-28 00:00:00+00:00, run_after=2024-05-29 00:00:00+00:00
[2024-05-28T16:45:01.196+0000] {processor.py:183} INFO - Processing /opt/airflow/dags/spark-retail-dag.py took 0.071 seconds
[2024-05-28T16:45:31.559+0000] {processor.py:161} INFO - Started process (PID=4425) to work on /opt/airflow/dags/spark-retail-dag.py
[2024-05-28T16:45:31.560+0000] {processor.py:830} INFO - Processing file /opt/airflow/dags/spark-retail-dag.py for tasks to queue
[2024-05-28T16:45:31.562+0000] {logging_mixin.py:188} INFO - [2024-05-28T16:45:31.562+0000] {dagbag.py:545} INFO - Filling up the DagBag from /opt/airflow/dags/spark-retail-dag.py
[2024-05-28T16:45:31.574+0000] {processor.py:840} INFO - DAG(s) 'spark_retail_analysis_dag' retrieved from /opt/airflow/dags/spark-retail-dag.py
[2024-05-28T16:45:31.595+0000] {logging_mixin.py:188} INFO - [2024-05-28T16:45:31.594+0000] {dag.py:3096} INFO - Sync 1 DAGs
[2024-05-28T16:45:31.605+0000] {logging_mixin.py:188} INFO - [2024-05-28T16:45:31.605+0000] {dag.py:3954} INFO - Setting next_dagrun for spark_retail_analysis_dag to 2024-05-28 00:00:00+00:00, run_after=2024-05-29 00:00:00+00:00
[2024-05-28T16:45:31.614+0000] {processor.py:183} INFO - Processing /opt/airflow/dags/spark-retail-dag.py took 0.063 seconds
[2024-05-28T16:46:02.100+0000] {processor.py:161} INFO - Started process (PID=4435) to work on /opt/airflow/dags/spark-retail-dag.py
[2024-05-28T16:46:02.101+0000] {processor.py:830} INFO - Processing file /opt/airflow/dags/spark-retail-dag.py for tasks to queue
[2024-05-28T16:46:02.104+0000] {logging_mixin.py:188} INFO - [2024-05-28T16:46:02.103+0000] {dagbag.py:545} INFO - Filling up the DagBag from /opt/airflow/dags/spark-retail-dag.py
[2024-05-28T16:46:02.116+0000] {processor.py:840} INFO - DAG(s) 'spark_retail_analysis_dag' retrieved from /opt/airflow/dags/spark-retail-dag.py
[2024-05-28T16:46:02.140+0000] {logging_mixin.py:188} INFO - [2024-05-28T16:46:02.139+0000] {dag.py:3096} INFO - Sync 1 DAGs
[2024-05-28T16:46:02.154+0000] {logging_mixin.py:188} INFO - [2024-05-28T16:46:02.154+0000] {dag.py:3954} INFO - Setting next_dagrun for spark_retail_analysis_dag to 2024-05-28 00:00:00+00:00, run_after=2024-05-29 00:00:00+00:00
[2024-05-28T16:46:02.163+0000] {processor.py:183} INFO - Processing /opt/airflow/dags/spark-retail-dag.py took 0.073 seconds
[2024-05-28T16:46:32.652+0000] {processor.py:161} INFO - Started process (PID=4445) to work on /opt/airflow/dags/spark-retail-dag.py
[2024-05-28T16:46:32.654+0000] {processor.py:830} INFO - Processing file /opt/airflow/dags/spark-retail-dag.py for tasks to queue
[2024-05-28T16:46:32.657+0000] {logging_mixin.py:188} INFO - [2024-05-28T16:46:32.657+0000] {dagbag.py:545} INFO - Filling up the DagBag from /opt/airflow/dags/spark-retail-dag.py
[2024-05-28T16:46:32.671+0000] {processor.py:840} INFO - DAG(s) 'spark_retail_analysis_dag' retrieved from /opt/airflow/dags/spark-retail-dag.py
[2024-05-28T16:46:32.695+0000] {logging_mixin.py:188} INFO - [2024-05-28T16:46:32.695+0000] {dag.py:3096} INFO - Sync 1 DAGs
[2024-05-28T16:46:32.708+0000] {logging_mixin.py:188} INFO - [2024-05-28T16:46:32.708+0000] {dag.py:3954} INFO - Setting next_dagrun for spark_retail_analysis_dag to 2024-05-28 00:00:00+00:00, run_after=2024-05-29 00:00:00+00:00
[2024-05-28T16:46:32.717+0000] {processor.py:183} INFO - Processing /opt/airflow/dags/spark-retail-dag.py took 0.074 seconds
[2024-05-28T16:47:03.201+0000] {processor.py:161} INFO - Started process (PID=4455) to work on /opt/airflow/dags/spark-retail-dag.py
[2024-05-28T16:47:03.203+0000] {processor.py:830} INFO - Processing file /opt/airflow/dags/spark-retail-dag.py for tasks to queue
[2024-05-28T16:47:03.205+0000] {logging_mixin.py:188} INFO - [2024-05-28T16:47:03.205+0000] {dagbag.py:545} INFO - Filling up the DagBag from /opt/airflow/dags/spark-retail-dag.py
[2024-05-28T16:47:03.218+0000] {processor.py:840} INFO - DAG(s) 'spark_retail_analysis_dag' retrieved from /opt/airflow/dags/spark-retail-dag.py
[2024-05-28T16:47:03.239+0000] {logging_mixin.py:188} INFO - [2024-05-28T16:47:03.239+0000] {dag.py:3096} INFO - Sync 1 DAGs
[2024-05-28T16:47:03.250+0000] {logging_mixin.py:188} INFO - [2024-05-28T16:47:03.250+0000] {dag.py:3954} INFO - Setting next_dagrun for spark_retail_analysis_dag to 2024-05-28 00:00:00+00:00, run_after=2024-05-29 00:00:00+00:00
[2024-05-28T16:47:03.258+0000] {processor.py:183} INFO - Processing /opt/airflow/dags/spark-retail-dag.py took 0.066 seconds
