[2024-05-28T15:00:24.474+0000] {local_task_job_runner.py:120} INFO - ::group::Pre task execution logs
[2024-05-28T15:00:24.562+0000] {taskinstance.py:2076} INFO - Dependencies all met for dep_context=non-requeueable deps ti=<TaskInstance: spark_airflow_dag.spark_submit_task manual__2024-05-28T15:00:23.058377+00:00 [queued]>
[2024-05-28T15:00:24.601+0000] {taskinstance.py:2076} INFO - Dependencies all met for dep_context=requeueable deps ti=<TaskInstance: spark_airflow_dag.spark_submit_task manual__2024-05-28T15:00:23.058377+00:00 [queued]>
[2024-05-28T15:00:24.603+0000] {taskinstance.py:2306} INFO - Starting attempt 1 of 1
[2024-05-28T15:00:24.645+0000] {taskinstance.py:2330} INFO - Executing <Task(SparkSubmitOperator): spark_submit_task> on 2024-05-28 15:00:23.058377+00:00
[2024-05-28T15:00:24.675+0000] {standard_task_runner.py:63} INFO - Started process 180 to run task
[2024-05-28T15:00:24.697+0000] {standard_task_runner.py:90} INFO - Running: ['airflow', 'tasks', 'run', 'spark_airflow_dag', 'spark_submit_task', 'manual__2024-05-28T15:00:23.058377+00:00', '--job-id', '2', '--raw', '--subdir', 'DAGS_FOLDER/spark-dag-example.py', '--cfg-path', '/tmp/tmpk5sq21oc']
[2024-05-28T15:00:24.716+0000] {standard_task_runner.py:91} INFO - Job 2: Subtask spark_submit_task
[2024-05-28T15:00:24.803+0000] {logging_mixin.py:188} WARNING - /home/airflow/.local/lib/python3.9/site-packages/airflow/settings.py:195 DeprecationWarning: The sql_alchemy_conn option in [core] has been moved to the sql_alchemy_conn option in [database] - the old setting has been used, but please update your config.
[2024-05-28T15:00:24.933+0000] {task_command.py:426} INFO - Running <TaskInstance: spark_airflow_dag.spark_submit_task manual__2024-05-28T15:00:23.058377+00:00 [running]> on host dataeng-airflow-scheduler
[2024-05-28T15:00:25.080+0000] {taskinstance.py:2648} INFO - Exporting env vars: AIRFLOW_CTX_DAG_OWNER='dibimbing' AIRFLOW_CTX_DAG_ID='spark_airflow_dag' AIRFLOW_CTX_TASK_ID='spark_submit_task' AIRFLOW_CTX_EXECUTION_DATE='2024-05-28T15:00:23.058377+00:00' AIRFLOW_CTX_TRY_NUMBER='1' AIRFLOW_CTX_DAG_RUN_ID='manual__2024-05-28T15:00:23.058377+00:00'
[2024-05-28T15:00:25.083+0000] {taskinstance.py:430} INFO - ::endgroup::
[2024-05-28T15:00:25.160+0000] {base.py:84} INFO - Using connection ID 'spark_main' for task execution.
[2024-05-28T15:00:25.163+0000] {spark_submit.py:401} INFO - Spark-Submit cmd: spark-submit --master spark://dataeng-spark-master:7077 --name arrow-spark /spark-scripts/spark-example.py
[2024-05-28T15:00:28.195+0000] {spark_submit.py:571} INFO - 24/05/28 15:00:28 INFO SparkContext: Running Spark version 3.3.2
[2024-05-28T15:00:28.237+0000] {spark_submit.py:571} INFO - 24/05/28 15:00:28 WARN NativeCodeLoader: Unable to load native-hadoop library for your platform... using builtin-java classes where applicable
[2024-05-28T15:00:28.304+0000] {spark_submit.py:571} INFO - 24/05/28 15:00:28 INFO ResourceUtils: ==============================================================
[2024-05-28T15:00:28.304+0000] {spark_submit.py:571} INFO - 24/05/28 15:00:28 INFO ResourceUtils: No custom resources configured for spark.driver.
[2024-05-28T15:00:28.305+0000] {spark_submit.py:571} INFO - 24/05/28 15:00:28 INFO ResourceUtils: ==============================================================
[2024-05-28T15:00:28.305+0000] {spark_submit.py:571} INFO - 24/05/28 15:00:28 INFO SparkContext: Submitted application: Dibimbing
[2024-05-28T15:00:28.318+0000] {spark_submit.py:571} INFO - 24/05/28 15:00:28 INFO ResourceProfile: Default ResourceProfile created, executor resources: Map(cores -> name: cores, amount: 1, script: , vendor: , memory -> name: memory, amount: 1024, script: , vendor: , offHeap -> name: offHeap, amount: 0, script: , vendor: ), task resources: Map(cpus -> name: cpus, amount: 1.0)
[2024-05-28T15:00:28.324+0000] {spark_submit.py:571} INFO - 24/05/28 15:00:28 INFO ResourceProfile: Limiting resource is cpu
[2024-05-28T15:00:28.324+0000] {spark_submit.py:571} INFO - 24/05/28 15:00:28 INFO ResourceProfileManager: Added ResourceProfile id: 0
[2024-05-28T15:00:28.357+0000] {spark_submit.py:571} INFO - 24/05/28 15:00:28 INFO SecurityManager: Changing view acls to: airflow
[2024-05-28T15:00:28.358+0000] {spark_submit.py:571} INFO - 24/05/28 15:00:28 INFO SecurityManager: Changing modify acls to: airflow
[2024-05-28T15:00:28.358+0000] {spark_submit.py:571} INFO - 24/05/28 15:00:28 INFO SecurityManager: Changing view acls groups to:
[2024-05-28T15:00:28.359+0000] {spark_submit.py:571} INFO - 24/05/28 15:00:28 INFO SecurityManager: Changing modify acls groups to:
[2024-05-28T15:00:28.359+0000] {spark_submit.py:571} INFO - 24/05/28 15:00:28 INFO SecurityManager: SecurityManager: authentication disabled; ui acls disabled; users  with view permissions: Set(airflow); groups with view permissions: Set(); users  with modify permissions: Set(airflow); groups with modify permissions: Set()
[2024-05-28T15:00:28.627+0000] {spark_submit.py:571} INFO - 24/05/28 15:00:28 INFO Utils: Successfully started service 'sparkDriver' on port 33061.
[2024-05-28T15:00:28.661+0000] {spark_submit.py:571} INFO - 24/05/28 15:00:28 INFO SparkEnv: Registering MapOutputTracker
[2024-05-28T15:00:28.689+0000] {spark_submit.py:571} INFO - 24/05/28 15:00:28 INFO SparkEnv: Registering BlockManagerMaster
[2024-05-28T15:00:28.701+0000] {spark_submit.py:571} INFO - 24/05/28 15:00:28 INFO BlockManagerMasterEndpoint: Using org.apache.spark.storage.DefaultTopologyMapper for getting topology information
[2024-05-28T15:00:28.702+0000] {spark_submit.py:571} INFO - 24/05/28 15:00:28 INFO BlockManagerMasterEndpoint: BlockManagerMasterEndpoint up
[2024-05-28T15:00:28.705+0000] {spark_submit.py:571} INFO - 24/05/28 15:00:28 INFO SparkEnv: Registering BlockManagerMasterHeartbeat
[2024-05-28T15:00:28.722+0000] {spark_submit.py:571} INFO - 24/05/28 15:00:28 INFO DiskBlockManager: Created local directory at /tmp/blockmgr-217c7942-ea7c-4eba-aa0d-ef88bd3be3f1
[2024-05-28T15:00:28.731+0000] {spark_submit.py:571} INFO - 24/05/28 15:00:28 INFO MemoryStore: MemoryStore started with capacity 434.4 MiB
[2024-05-28T15:00:28.741+0000] {spark_submit.py:571} INFO - 24/05/28 15:00:28 INFO SparkEnv: Registering OutputCommitCoordinator
[2024-05-28T15:00:28.891+0000] {spark_submit.py:571} INFO - 24/05/28 15:00:28 INFO Utils: Successfully started service 'SparkUI' on port 4040.
[2024-05-28T15:00:28.994+0000] {spark_submit.py:571} INFO - 24/05/28 15:00:28 INFO StandaloneAppClient$ClientEndpoint: Connecting to master spark://dataeng-spark-master:7077...
[2024-05-28T15:00:29.044+0000] {spark_submit.py:571} INFO - 24/05/28 15:00:29 INFO TransportClientFactory: Successfully created connection to dataeng-spark-master/172.20.0.3:7077 after 24 ms (0 ms spent in bootstraps)
[2024-05-28T15:00:29.443+0000] {spark_submit.py:571} INFO - 24/05/28 15:00:29 INFO StandaloneSchedulerBackend: Connected to Spark cluster with app ID app-20240528150029-0000
[2024-05-28T15:00:29.448+0000] {spark_submit.py:571} INFO - 24/05/28 15:00:29 INFO Utils: Successfully started service 'org.apache.spark.network.netty.NettyBlockTransferService' on port 44161.
[2024-05-28T15:00:29.449+0000] {spark_submit.py:571} INFO - 24/05/28 15:00:29 INFO NettyBlockTransferService: Server created on dataeng-airflow-scheduler:44161
[2024-05-28T15:00:29.450+0000] {spark_submit.py:571} INFO - 24/05/28 15:00:29 INFO BlockManager: Using org.apache.spark.storage.RandomBlockReplicationPolicy for block replication policy
[2024-05-28T15:00:29.455+0000] {spark_submit.py:571} INFO - 24/05/28 15:00:29 INFO BlockManagerMaster: Registering BlockManager BlockManagerId(driver, dataeng-airflow-scheduler, 44161, None)
[2024-05-28T15:00:29.459+0000] {spark_submit.py:571} INFO - 24/05/28 15:00:29 INFO BlockManagerMasterEndpoint: Registering block manager dataeng-airflow-scheduler:44161 with 434.4 MiB RAM, BlockManagerId(driver, dataeng-airflow-scheduler, 44161, None)
[2024-05-28T15:00:29.461+0000] {spark_submit.py:571} INFO - 24/05/28 15:00:29 INFO BlockManagerMaster: Registered BlockManager BlockManagerId(driver, dataeng-airflow-scheduler, 44161, None)
[2024-05-28T15:00:29.463+0000] {spark_submit.py:571} INFO - 24/05/28 15:00:29 INFO BlockManager: Initialized BlockManager: BlockManagerId(driver, dataeng-airflow-scheduler, 44161, None)
[2024-05-28T15:00:29.505+0000] {spark_submit.py:571} INFO - 24/05/28 15:00:29 INFO StandaloneAppClient$ClientEndpoint: Executor added: app-20240528150029-0000/0 on worker-20240528145739-172.20.0.4-44943 (172.20.0.4:44943) with 1 core(s)
[2024-05-28T15:00:29.510+0000] {spark_submit.py:571} INFO - 24/05/28 15:00:29 INFO StandaloneSchedulerBackend: Granted executor ID app-20240528150029-0000/0 on hostPort 172.20.0.4:44943 with 1 core(s), 1024.0 MiB RAM
[2024-05-28T15:00:29.636+0000] {spark_submit.py:571} INFO - 24/05/28 15:00:29 INFO StandaloneSchedulerBackend: SchedulerBackend is ready for scheduling beginning after reached minRegisteredResourcesRatio: 0.0
[2024-05-28T15:00:38.759+0000] {spark_submit.py:571} INFO - +----------+-----------+--------+--------+-----+-----------+--------------------+---------+-----+
[2024-05-28T15:00:38.766+0000] {spark_submit.py:571} INFO - |product_id|customer_id|order_id|quantity|price|       name|               email|     name|price|
[2024-05-28T15:00:38.767+0000] {spark_submit.py:571} INFO - +----------+-----------+--------+--------+-----+-----------+--------------------+---------+-----+
[2024-05-28T15:00:38.767+0000] {spark_submit.py:571} INFO - |         1|          1|     101|       2|19.99|   John Doe| johndoe@example.com|Product A|19.99|
[2024-05-28T15:00:38.768+0000] {spark_submit.py:571} INFO - |         2|          2|     102|       1| 9.99| Jane Smith|janesmith@example...|Product B| 9.99|
[2024-05-28T15:00:38.769+0000] {spark_submit.py:571} INFO - |         3|          3|     103|       1|15.99|Bob Johnson|bobjohnson@exampl...|Product C|15.99|
[2024-05-28T15:00:38.770+0000] {spark_submit.py:571} INFO - |         4|          1|     104|       1| 5.99|   John Doe| johndoe@example.com|Product D| 5.99|
[2024-05-28T15:00:38.770+0000] {spark_submit.py:571} INFO - |         5|          2|     105|       3|12.99| Jane Smith|janesmith@example...|Product E|12.99|
[2024-05-28T15:00:38.771+0000] {spark_submit.py:571} INFO - |         6|          3|     106|       2| 9.99|Bob Johnson|bobjohnson@exampl...|Product F| 9.99|
[2024-05-28T15:00:38.771+0000] {spark_submit.py:571} INFO - |         7|          4|     107|       1|11.99|    Sue Lee|  suelee@example.com|Product G|11.99|
[2024-05-28T15:00:38.772+0000] {spark_submit.py:571} INFO - |         8|          1|     108|       2|14.99|   John Doe| johndoe@example.com|Product H|14.99|
[2024-05-28T15:00:38.772+0000] {spark_submit.py:571} INFO - |         9|          2|     109|       1| 9.99| Jane Smith|janesmith@example...|Product I| 9.99|
[2024-05-28T15:00:38.773+0000] {spark_submit.py:571} INFO - |        10|          3|     110|       1|19.99|Bob Johnson|bobjohnson@exampl...|Product J|19.99|
[2024-05-28T15:00:38.774+0000] {spark_submit.py:571} INFO - +----------+-----------+--------+--------+-----+-----------+--------------------+---------+-----+
[2024-05-28T15:00:38.774+0000] {spark_submit.py:571} INFO - 
[2024-05-28T15:00:38.995+0000] {taskinstance.py:441} INFO - ::group::Post task execution logs
[2024-05-28T15:00:39.024+0000] {taskinstance.py:1206} INFO - Marking task as SUCCESS. dag_id=spark_airflow_dag, task_id=spark_submit_task, run_id=manual__2024-05-28T15:00:23.058377+00:00, execution_date=20240528T150023, start_date=20240528T150024, end_date=20240528T150039
[2024-05-28T15:00:39.069+0000] {local_task_job_runner.py:240} INFO - Task exited with return code 0
[2024-05-28T15:00:39.092+0000] {taskinstance.py:3498} INFO - 0 downstream tasks scheduled from follow-on schedule check
[2024-05-28T15:00:39.093+0000] {local_task_job_runner.py:222} INFO - ::endgroup::
