[2024-05-28T15:08:13.893+0000] {local_task_job_runner.py:120} INFO - ::group::Pre task execution logs
[2024-05-28T15:08:13.929+0000] {taskinstance.py:2076} INFO - Dependencies all met for dep_context=non-requeueable deps ti=<TaskInstance: spark_airflow_dag.spark_submit_task manual__2024-05-28T15:08:13.270913+00:00 [queued]>
[2024-05-28T15:08:13.935+0000] {taskinstance.py:2076} INFO - Dependencies all met for dep_context=requeueable deps ti=<TaskInstance: spark_airflow_dag.spark_submit_task manual__2024-05-28T15:08:13.270913+00:00 [queued]>
[2024-05-28T15:08:13.936+0000] {taskinstance.py:2306} INFO - Starting attempt 1 of 1
[2024-05-28T15:08:13.945+0000] {taskinstance.py:2330} INFO - Executing <Task(SparkSubmitOperator): spark_submit_task> on 2024-05-28 15:08:13.270913+00:00
[2024-05-28T15:08:13.949+0000] {standard_task_runner.py:63} INFO - Started process 175 to run task
[2024-05-28T15:08:13.953+0000] {standard_task_runner.py:90} INFO - Running: ['airflow', 'tasks', 'run', 'spark_airflow_dag', 'spark_submit_task', 'manual__2024-05-28T15:08:13.270913+00:00', '--job-id', '2', '--raw', '--subdir', 'DAGS_FOLDER/spark-dag-example.py', '--cfg-path', '/tmp/tmpqzu_d9x7']
[2024-05-28T15:08:13.958+0000] {standard_task_runner.py:91} INFO - Job 2: Subtask spark_submit_task
[2024-05-28T15:08:13.986+0000] {logging_mixin.py:188} WARNING - /home/airflow/.local/lib/python3.9/site-packages/airflow/settings.py:195 DeprecationWarning: The sql_alchemy_conn option in [core] has been moved to the sql_alchemy_conn option in [database] - the old setting has been used, but please update your config.
[2024-05-28T15:08:14.036+0000] {task_command.py:426} INFO - Running <TaskInstance: spark_airflow_dag.spark_submit_task manual__2024-05-28T15:08:13.270913+00:00 [running]> on host dataeng-airflow-scheduler
[2024-05-28T15:08:14.130+0000] {taskinstance.py:2648} INFO - Exporting env vars: AIRFLOW_CTX_DAG_OWNER='dibimbing' AIRFLOW_CTX_DAG_ID='spark_airflow_dag' AIRFLOW_CTX_TASK_ID='spark_submit_task' AIRFLOW_CTX_EXECUTION_DATE='2024-05-28T15:08:13.270913+00:00' AIRFLOW_CTX_TRY_NUMBER='1' AIRFLOW_CTX_DAG_RUN_ID='manual__2024-05-28T15:08:13.270913+00:00'
[2024-05-28T15:08:14.131+0000] {taskinstance.py:430} INFO - ::endgroup::
[2024-05-28T15:08:14.170+0000] {base.py:84} INFO - Using connection ID 'spark_main' for task execution.
[2024-05-28T15:08:14.171+0000] {spark_submit.py:401} INFO - Spark-Submit cmd: spark-submit --master spark://dataeng-spark-master:7077 --jars /opt/airflow/postgresql-42.2.18.jar --name arrow-spark /spark-scripts/spark-example.py
[2024-05-28T15:08:15.608+0000] {spark_submit.py:571} INFO - 24/05/28 15:08:15 WARN NativeCodeLoader: Unable to load native-hadoop library for your platform... using builtin-java classes where applicable
[2024-05-28T15:08:15.743+0000] {spark_submit.py:571} INFO - 24/05/28 15:08:15 WARN DependencyUtils: Local jar /opt/airflow/postgresql-42.2.18.jar does not exist, skipping.
[2024-05-28T15:08:16.391+0000] {spark_submit.py:571} INFO - 24/05/28 15:08:16 INFO SparkContext: Running Spark version 3.3.2
[2024-05-28T15:08:16.413+0000] {spark_submit.py:571} INFO - 24/05/28 15:08:16 INFO ResourceUtils: ==============================================================
[2024-05-28T15:08:16.413+0000] {spark_submit.py:571} INFO - 24/05/28 15:08:16 INFO ResourceUtils: No custom resources configured for spark.driver.
[2024-05-28T15:08:16.414+0000] {spark_submit.py:571} INFO - 24/05/28 15:08:16 INFO ResourceUtils: ==============================================================
[2024-05-28T15:08:16.414+0000] {spark_submit.py:571} INFO - 24/05/28 15:08:16 INFO SparkContext: Submitted application: Dibimbing
[2024-05-28T15:08:16.428+0000] {spark_submit.py:571} INFO - 24/05/28 15:08:16 INFO ResourceProfile: Default ResourceProfile created, executor resources: Map(cores -> name: cores, amount: 1, script: , vendor: , memory -> name: memory, amount: 1024, script: , vendor: , offHeap -> name: offHeap, amount: 0, script: , vendor: ), task resources: Map(cpus -> name: cpus, amount: 1.0)
[2024-05-28T15:08:16.433+0000] {spark_submit.py:571} INFO - 24/05/28 15:08:16 INFO ResourceProfile: Limiting resource is cpu
[2024-05-28T15:08:16.434+0000] {spark_submit.py:571} INFO - 24/05/28 15:08:16 INFO ResourceProfileManager: Added ResourceProfile id: 0
[2024-05-28T15:08:16.462+0000] {spark_submit.py:571} INFO - 24/05/28 15:08:16 INFO SecurityManager: Changing view acls to: airflow
[2024-05-28T15:08:16.463+0000] {spark_submit.py:571} INFO - 24/05/28 15:08:16 INFO SecurityManager: Changing modify acls to: airflow
[2024-05-28T15:08:16.463+0000] {spark_submit.py:571} INFO - 24/05/28 15:08:16 INFO SecurityManager: Changing view acls groups to:
[2024-05-28T15:08:16.463+0000] {spark_submit.py:571} INFO - 24/05/28 15:08:16 INFO SecurityManager: Changing modify acls groups to:
[2024-05-28T15:08:16.464+0000] {spark_submit.py:571} INFO - 24/05/28 15:08:16 INFO SecurityManager: SecurityManager: authentication disabled; ui acls disabled; users  with view permissions: Set(airflow); groups with view permissions: Set(); users  with modify permissions: Set(airflow); groups with modify permissions: Set()
[2024-05-28T15:08:16.609+0000] {spark_submit.py:571} INFO - 24/05/28 15:08:16 INFO Utils: Successfully started service 'sparkDriver' on port 45585.
[2024-05-28T15:08:16.626+0000] {spark_submit.py:571} INFO - 24/05/28 15:08:16 INFO SparkEnv: Registering MapOutputTracker
[2024-05-28T15:08:16.656+0000] {spark_submit.py:571} INFO - 24/05/28 15:08:16 INFO SparkEnv: Registering BlockManagerMaster
[2024-05-28T15:08:16.674+0000] {spark_submit.py:571} INFO - 24/05/28 15:08:16 INFO BlockManagerMasterEndpoint: Using org.apache.spark.storage.DefaultTopologyMapper for getting topology information
[2024-05-28T15:08:16.679+0000] {spark_submit.py:571} INFO - 24/05/28 15:08:16 INFO BlockManagerMasterEndpoint: BlockManagerMasterEndpoint up
[2024-05-28T15:08:16.679+0000] {spark_submit.py:571} INFO - 24/05/28 15:08:16 INFO SparkEnv: Registering BlockManagerMasterHeartbeat
[2024-05-28T15:08:16.697+0000] {spark_submit.py:571} INFO - 24/05/28 15:08:16 INFO DiskBlockManager: Created local directory at /tmp/blockmgr-b847bf98-a2b3-43e1-a117-62278cb6534a
[2024-05-28T15:08:16.707+0000] {spark_submit.py:571} INFO - 24/05/28 15:08:16 INFO MemoryStore: MemoryStore started with capacity 434.4 MiB
[2024-05-28T15:08:16.715+0000] {spark_submit.py:571} INFO - 24/05/28 15:08:16 INFO SparkEnv: Registering OutputCommitCoordinator
[2024-05-28T15:08:16.846+0000] {spark_submit.py:571} INFO - 24/05/28 15:08:16 INFO Utils: Successfully started service 'SparkUI' on port 4040.
[2024-05-28T15:08:16.874+0000] {spark_submit.py:571} INFO - 24/05/28 15:08:16 ERROR SparkContext: Failed to add file:/opt/airflow/postgresql-42.2.18.jar to Spark environment
[2024-05-28T15:08:16.875+0000] {spark_submit.py:571} INFO - java.io.FileNotFoundException: Jar /opt/airflow/postgresql-42.2.18.jar not found
[2024-05-28T15:08:16.875+0000] {spark_submit.py:571} INFO - at org.apache.spark.SparkContext.addLocalJarFile$1(SparkContext.scala:1959)
[2024-05-28T15:08:16.875+0000] {spark_submit.py:571} INFO - at org.apache.spark.SparkContext.addJar(SparkContext.scala:2014)
[2024-05-28T15:08:16.876+0000] {spark_submit.py:571} INFO - at org.apache.spark.SparkContext.$anonfun$new$12(SparkContext.scala:507)
[2024-05-28T15:08:16.876+0000] {spark_submit.py:571} INFO - at org.apache.spark.SparkContext.$anonfun$new$12$adapted(SparkContext.scala:507)
[2024-05-28T15:08:16.876+0000] {spark_submit.py:571} INFO - at scala.collection.mutable.ResizableArray.foreach(ResizableArray.scala:62)
[2024-05-28T15:08:16.876+0000] {spark_submit.py:571} INFO - at scala.collection.mutable.ResizableArray.foreach$(ResizableArray.scala:55)
[2024-05-28T15:08:16.876+0000] {spark_submit.py:571} INFO - at scala.collection.mutable.ArrayBuffer.foreach(ArrayBuffer.scala:49)
[2024-05-28T15:08:16.877+0000] {spark_submit.py:571} INFO - at org.apache.spark.SparkContext.<init>(SparkContext.scala:507)
[2024-05-28T15:08:16.877+0000] {spark_submit.py:571} INFO - at org.apache.spark.api.java.JavaSparkContext.<init>(JavaSparkContext.scala:58)
[2024-05-28T15:08:16.877+0000] {spark_submit.py:571} INFO - at java.base/jdk.internal.reflect.NativeConstructorAccessorImpl.newInstance0(Native Method)
[2024-05-28T15:08:16.877+0000] {spark_submit.py:571} INFO - at java.base/jdk.internal.reflect.NativeConstructorAccessorImpl.newInstance(NativeConstructorAccessorImpl.java:77)
[2024-05-28T15:08:16.877+0000] {spark_submit.py:571} INFO - at java.base/jdk.internal.reflect.DelegatingConstructorAccessorImpl.newInstance(DelegatingConstructorAccessorImpl.java:45)
[2024-05-28T15:08:16.878+0000] {spark_submit.py:571} INFO - at java.base/java.lang.reflect.Constructor.newInstanceWithCaller(Constructor.java:499)
[2024-05-28T15:08:16.878+0000] {spark_submit.py:571} INFO - at java.base/java.lang.reflect.Constructor.newInstance(Constructor.java:480)
[2024-05-28T15:08:16.878+0000] {spark_submit.py:571} INFO - at py4j.reflection.MethodInvoker.invoke(MethodInvoker.java:247)
[2024-05-28T15:08:16.878+0000] {spark_submit.py:571} INFO - at py4j.reflection.ReflectionEngine.invoke(ReflectionEngine.java:357)
[2024-05-28T15:08:16.879+0000] {spark_submit.py:571} INFO - at py4j.Gateway.invoke(Gateway.java:238)
[2024-05-28T15:08:16.879+0000] {spark_submit.py:571} INFO - at py4j.commands.ConstructorCommand.invokeConstructor(ConstructorCommand.java:80)
[2024-05-28T15:08:16.881+0000] {spark_submit.py:571} INFO - at py4j.commands.ConstructorCommand.execute(ConstructorCommand.java:69)
[2024-05-28T15:08:16.881+0000] {spark_submit.py:571} INFO - at py4j.ClientServerConnection.waitForCommands(ClientServerConnection.java:182)
[2024-05-28T15:08:16.882+0000] {spark_submit.py:571} INFO - at py4j.ClientServerConnection.run(ClientServerConnection.java:106)
[2024-05-28T15:08:16.882+0000] {spark_submit.py:571} INFO - at java.base/java.lang.Thread.run(Thread.java:840)
[2024-05-28T15:08:16.925+0000] {spark_submit.py:571} INFO - 24/05/28 15:08:16 INFO StandaloneAppClient$ClientEndpoint: Connecting to master spark://dataeng-spark-master:7077...
[2024-05-28T15:08:16.961+0000] {spark_submit.py:571} INFO - 24/05/28 15:08:16 INFO TransportClientFactory: Successfully created connection to dataeng-spark-master/172.20.0.3:7077 after 22 ms (0 ms spent in bootstraps)
[2024-05-28T15:08:17.255+0000] {spark_submit.py:571} INFO - 24/05/28 15:08:17 INFO StandaloneSchedulerBackend: Connected to Spark cluster with app ID app-20240528150817-0000
[2024-05-28T15:08:17.259+0000] {spark_submit.py:571} INFO - 24/05/28 15:08:17 INFO Utils: Successfully started service 'org.apache.spark.network.netty.NettyBlockTransferService' on port 32885.
[2024-05-28T15:08:17.259+0000] {spark_submit.py:571} INFO - 24/05/28 15:08:17 INFO NettyBlockTransferService: Server created on dataeng-airflow-scheduler:32885
[2024-05-28T15:08:17.260+0000] {spark_submit.py:571} INFO - 24/05/28 15:08:17 INFO BlockManager: Using org.apache.spark.storage.RandomBlockReplicationPolicy for block replication policy
[2024-05-28T15:08:17.265+0000] {spark_submit.py:571} INFO - 24/05/28 15:08:17 INFO BlockManagerMaster: Registering BlockManager BlockManagerId(driver, dataeng-airflow-scheduler, 32885, None)
[2024-05-28T15:08:17.267+0000] {spark_submit.py:571} INFO - 24/05/28 15:08:17 INFO BlockManagerMasterEndpoint: Registering block manager dataeng-airflow-scheduler:32885 with 434.4 MiB RAM, BlockManagerId(driver, dataeng-airflow-scheduler, 32885, None)
[2024-05-28T15:08:17.270+0000] {spark_submit.py:571} INFO - 24/05/28 15:08:17 INFO BlockManagerMaster: Registered BlockManager BlockManagerId(driver, dataeng-airflow-scheduler, 32885, None)
[2024-05-28T15:08:17.270+0000] {spark_submit.py:571} INFO - 24/05/28 15:08:17 INFO BlockManager: Initialized BlockManager: BlockManagerId(driver, dataeng-airflow-scheduler, 32885, None)
[2024-05-28T15:08:17.299+0000] {spark_submit.py:571} INFO - 24/05/28 15:08:17 INFO StandaloneAppClient$ClientEndpoint: Executor added: app-20240528150817-0000/0 on worker-20240528150641-172.20.0.4-39479 (172.20.0.4:39479) with 1 core(s)
[2024-05-28T15:08:17.301+0000] {spark_submit.py:571} INFO - 24/05/28 15:08:17 INFO StandaloneSchedulerBackend: Granted executor ID app-20240528150817-0000/0 on hostPort 172.20.0.4:39479 with 1 core(s), 1024.0 MiB RAM
[2024-05-28T15:08:17.401+0000] {spark_submit.py:571} INFO - 24/05/28 15:08:17 INFO StandaloneSchedulerBackend: SchedulerBackend is ready for scheduling beginning after reached minRegisteredResourcesRatio: 0.0
[2024-05-28T15:08:17.547+0000] {spark_submit.py:571} INFO - {'user': 'user', '***': '***', 'driver': 'org.postgresql.Driver', 'stringtype': 'unspecified'}
[2024-05-28T15:08:18.101+0000] {spark_submit.py:571} INFO - Traceback (most recent call last):
[2024-05-28T15:08:18.102+0000] {spark_submit.py:571} INFO - File "/spark-scripts/spark-example.py", line 23, in <module>
[2024-05-28T15:08:18.102+0000] {spark_submit.py:571} INFO - retail_df = spark.read.jdbc(jdbc_url, "public.retail", properties=jdbc_properties)
[2024-05-28T15:08:18.103+0000] {spark_submit.py:571} INFO - File "/home/airflow/.local/lib/python3.9/site-packages/pyspark/python/lib/pyspark.zip/pyspark/sql/readwriter.py", line 716, in jdbc
[2024-05-28T15:08:18.103+0000] {spark_submit.py:571} INFO - File "/home/airflow/.local/lib/python3.9/site-packages/pyspark/python/lib/py4j-0.10.9.5-src.zip/py4j/java_gateway.py", line 1321, in __call__
[2024-05-28T15:08:18.103+0000] {spark_submit.py:571} INFO - File "/home/airflow/.local/lib/python3.9/site-packages/pyspark/python/lib/pyspark.zip/pyspark/sql/utils.py", line 190, in deco
[2024-05-28T15:08:18.104+0000] {spark_submit.py:571} INFO - File "/home/airflow/.local/lib/python3.9/site-packages/pyspark/python/lib/py4j-0.10.9.5-src.zip/py4j/protocol.py", line 326, in get_return_value
[2024-05-28T15:08:18.104+0000] {spark_submit.py:571} INFO - py4j.protocol.Py4JJavaError: An error occurred while calling o26.jdbc.
[2024-05-28T15:08:18.105+0000] {spark_submit.py:571} INFO - : java.lang.ClassNotFoundException: org.postgresql.Driver
[2024-05-28T15:08:18.105+0000] {spark_submit.py:571} INFO - at java.base/java.net.URLClassLoader.findClass(URLClassLoader.java:445)
[2024-05-28T15:08:18.106+0000] {spark_submit.py:571} INFO - at java.base/java.lang.ClassLoader.loadClass(ClassLoader.java:592)
[2024-05-28T15:08:18.106+0000] {spark_submit.py:571} INFO - at java.base/java.lang.ClassLoader.loadClass(ClassLoader.java:525)
[2024-05-28T15:08:18.106+0000] {spark_submit.py:571} INFO - at org.apache.spark.sql.execution.datasources.jdbc.DriverRegistry$.register(DriverRegistry.scala:46)
[2024-05-28T15:08:18.106+0000] {spark_submit.py:571} INFO - at org.apache.spark.sql.execution.datasources.jdbc.JDBCOptions.$anonfun$driverClass$1(JDBCOptions.scala:101)
[2024-05-28T15:08:18.106+0000] {spark_submit.py:571} INFO - at org.apache.spark.sql.execution.datasources.jdbc.JDBCOptions.$anonfun$driverClass$1$adapted(JDBCOptions.scala:101)
[2024-05-28T15:08:18.106+0000] {spark_submit.py:571} INFO - at scala.Option.foreach(Option.scala:407)
[2024-05-28T15:08:18.106+0000] {spark_submit.py:571} INFO - at org.apache.spark.sql.execution.datasources.jdbc.JDBCOptions.<init>(JDBCOptions.scala:101)
[2024-05-28T15:08:18.107+0000] {spark_submit.py:571} INFO - at org.apache.spark.sql.execution.datasources.jdbc.JDBCOptions.<init>(JDBCOptions.scala:39)
[2024-05-28T15:08:18.107+0000] {spark_submit.py:571} INFO - at org.apache.spark.sql.execution.datasources.jdbc.JdbcRelationProvider.createRelation(JdbcRelationProvider.scala:34)
[2024-05-28T15:08:18.107+0000] {spark_submit.py:571} INFO - at org.apache.spark.sql.execution.datasources.DataSource.resolveRelation(DataSource.scala:350)
[2024-05-28T15:08:18.108+0000] {spark_submit.py:571} INFO - at org.apache.spark.sql.DataFrameReader.loadV1Source(DataFrameReader.scala:228)
[2024-05-28T15:08:18.108+0000] {spark_submit.py:571} INFO - at org.apache.spark.sql.DataFrameReader.$anonfun$load$2(DataFrameReader.scala:210)
[2024-05-28T15:08:18.108+0000] {spark_submit.py:571} INFO - at scala.Option.getOrElse(Option.scala:189)
[2024-05-28T15:08:18.108+0000] {spark_submit.py:571} INFO - at org.apache.spark.sql.DataFrameReader.load(DataFrameReader.scala:210)
[2024-05-28T15:08:18.108+0000] {spark_submit.py:571} INFO - at org.apache.spark.sql.DataFrameReader.load(DataFrameReader.scala:171)
[2024-05-28T15:08:18.109+0000] {spark_submit.py:571} INFO - at org.apache.spark.sql.DataFrameReader.jdbc(DataFrameReader.scala:248)
[2024-05-28T15:08:18.109+0000] {spark_submit.py:571} INFO - at java.base/jdk.internal.reflect.NativeMethodAccessorImpl.invoke0(Native Method)
[2024-05-28T15:08:18.109+0000] {spark_submit.py:571} INFO - at java.base/jdk.internal.reflect.NativeMethodAccessorImpl.invoke(NativeMethodAccessorImpl.java:77)
[2024-05-28T15:08:18.109+0000] {spark_submit.py:571} INFO - at java.base/jdk.internal.reflect.DelegatingMethodAccessorImpl.invoke(DelegatingMethodAccessorImpl.java:43)
[2024-05-28T15:08:18.110+0000] {spark_submit.py:571} INFO - at java.base/java.lang.reflect.Method.invoke(Method.java:568)
[2024-05-28T15:08:18.110+0000] {spark_submit.py:571} INFO - at py4j.reflection.MethodInvoker.invoke(MethodInvoker.java:244)
[2024-05-28T15:08:18.110+0000] {spark_submit.py:571} INFO - at py4j.reflection.ReflectionEngine.invoke(ReflectionEngine.java:357)
[2024-05-28T15:08:18.110+0000] {spark_submit.py:571} INFO - at py4j.Gateway.invoke(Gateway.java:282)
[2024-05-28T15:08:18.110+0000] {spark_submit.py:571} INFO - at py4j.commands.AbstractCommand.invokeMethod(AbstractCommand.java:132)
[2024-05-28T15:08:18.111+0000] {spark_submit.py:571} INFO - at py4j.commands.CallCommand.execute(CallCommand.java:79)
[2024-05-28T15:08:18.112+0000] {spark_submit.py:571} INFO - at py4j.ClientServerConnection.waitForCommands(ClientServerConnection.java:182)
[2024-05-28T15:08:18.113+0000] {spark_submit.py:571} INFO - at py4j.ClientServerConnection.run(ClientServerConnection.java:106)
[2024-05-28T15:08:18.113+0000] {spark_submit.py:571} INFO - at java.base/java.lang.Thread.run(Thread.java:840)
[2024-05-28T15:08:18.113+0000] {spark_submit.py:571} INFO - 
[2024-05-28T15:08:18.213+0000] {taskinstance.py:441} INFO - ::group::Post task execution logs
[2024-05-28T15:08:18.221+0000] {taskinstance.py:2905} ERROR - Task failed with exception
Traceback (most recent call last):
  File "/home/airflow/.local/lib/python3.9/site-packages/airflow/models/taskinstance.py", line 465, in _execute_task
    result = _execute_callable(context=context, **execute_callable_kwargs)
  File "/home/airflow/.local/lib/python3.9/site-packages/airflow/models/taskinstance.py", line 432, in _execute_callable
    return execute_callable(context=context, **execute_callable_kwargs)
  File "/home/airflow/.local/lib/python3.9/site-packages/airflow/models/baseoperator.py", line 400, in wrapper
    return func(self, *args, **kwargs)
  File "/home/airflow/.local/lib/python3.9/site-packages/airflow/providers/apache/spark/operators/spark_submit.py", line 174, in execute
    self._hook.submit(self.application)
  File "/home/airflow/.local/lib/python3.9/site-packages/airflow/providers/apache/spark/hooks/spark_submit.py", line 502, in submit
    raise AirflowException(
airflow.exceptions.AirflowException: Cannot execute: spark-submit --master spark://dataeng-spark-master:7077 --jars /opt/airflow/postgresql-42.2.18.jar --name arrow-spark /spark-scripts/spark-example.py. Error code is: 1.
[2024-05-28T15:08:18.224+0000] {taskinstance.py:1206} INFO - Marking task as FAILED. dag_id=spark_airflow_dag, task_id=spark_submit_task, run_id=manual__2024-05-28T15:08:13.270913+00:00, execution_date=20240528T150813, start_date=20240528T150813, end_date=20240528T150818
[2024-05-28T15:08:18.236+0000] {standard_task_runner.py:110} ERROR - Failed to execute job 2 for task spark_submit_task (Cannot execute: spark-submit --master spark://dataeng-spark-master:7077 --jars /opt/airflow/postgresql-42.2.18.jar --name arrow-spark /spark-scripts/spark-example.py. Error code is: 1.; 175)
[2024-05-28T15:08:18.278+0000] {local_task_job_runner.py:240} INFO - Task exited with return code 1
[2024-05-28T15:08:18.288+0000] {taskinstance.py:3498} INFO - 0 downstream tasks scheduled from follow-on schedule check
[2024-05-28T15:08:18.289+0000] {local_task_job_runner.py:222} INFO - ::endgroup::
